# JRE version: OpenJDK Runtime Environment (8.0_152-b06) (build 1.8.0_152-release-1136-b06)
# Java VM: OpenJDK 64-Bit Server VM (25.152-b06 mixed mode windows-amd64 compressed oops)
Heap:
 PSYoungGen      total 410624K, used 4687K [0x00000000e0000000, 0x00000000fbc00000, 0x0000000100000000)
  eden space 381952K, 1% used [0x00000000e0000000,0x00000000e0493f48,0x00000000f7500000)
  from space 28672K, 0% used [0x00000000f9000000,0x00000000f9000000,0x00000000fac00000)
  to   space 27648K, 0% used [0x00000000f7500000,0x00000000f7500000,0x00000000f9000000)
 ParOldGen       total 184320K, used 104202K [0x00000000a0000000, 0x00000000ab400000, 0x00000000e0000000)
  object space 184320K, 56% used [0x00000000a0000000,0x00000000a65c2ae8,0x00000000ab400000)
 Metaspace       used 85821K, capacity 89816K, committed 92032K, reserved 1130496K
  class space    used 10651K, capacity 11373K, committed 11648K, reserved 1048576K
GC Heap History (10 events):
Event: 3584.895 GC heap before
{Heap before GC invocations=33 (full 4):
 PSYoungGen      total 370688K, used 346594K [0x00000000e0000000, 0x00000000fa700000, 0x0000000100000000)
  eden space 339456K, 99% used [0x00000000e0000000,0x00000000f4ac8fb0,0x00000000f4b80000)
  from space 31232K, 25% used [0x00000000f6900000,0x00000000f70af918,0x00000000f8780000)
  to   space 30208K, 0% used [0x00000000f4b80000,0x00000000f4b80000,0x00000000f6900000)
 ParOldGen       total 109056K, used 50498K [0x00000000a0000000, 0x00000000a6a80000, 0x00000000e0000000)
  object space 109056K, 46% used [0x00000000a0000000,0x00000000a3150950,0x00000000a6a80000)
 Metaspace       used 85172K, capacity 88686K, committed 88960K, reserved 1126400K
  class space    used 10604K, capacity 11285K, committed 11392K, reserved 1048576K
Event: 3585.036 GC heap after
Heap after GC invocations=33 (full 4):
 PSYoungGen      total 369664K, used 8404K [0x00000000e0000000, 0x00000000fac00000, 0x0000000100000000)
  eden space 339456K, 0% used [0x00000000e0000000,0x00000000e0000000,0x00000000f4b80000)
  from space 30208K, 27% used [0x00000000f4b80000,0x00000000f53b5060,0x00000000f6900000)
  to   space 28672K, 0% used [0x00000000f9000000,0x00000000f9000000,0x00000000fac00000)
 ParOldGen       total 109056K, used 50506K [0x00000000a0000000, 0x00000000a6a80000, 0x00000000e0000000)
  object space 109056K, 46% used [0x00000000a0000000,0x00000000a3152950,0x00000000a6a80000)
 Metaspace       used 85172K, capacity 88686K, committed 88960K, reserved 1126400K
  class space    used 10604K, capacity 11285K, committed 11392K, reserved 1048576K
}
Event: 3588.155 GC heap before
{Heap before GC invocations=34 (full 4):
 PSYoungGen      total 369664K, used 347076K [0x00000000e0000000, 0x00000000fac00000, 0x0000000100000000)
  eden space 339456K, 99% used [0x00000000e0000000,0x00000000f4abc368,0x00000000f4b80000)
  from space 30208K, 27% used [0x00000000f4b80000,0x00000000f53b5060,0x00000000f6900000)
  to   space 28672K, 0% used [0x00000000f9000000,0x00000000f9000000,0x00000000fac00000)
 ParOldGen       total 109056K, used 50506K [0x00000000a0000000, 0x00000000a6a80000, 0x00000000e0000000)
  object space 109056K, 46% used [0x00000000a0000000,0x00000000a3152950,0x00000000a6a80000)
 Metaspace       used 85172K, capacity 88686K, committed 88960K, reserved 1126400K
  class space    used 10604K, capacity 11285K, committed 11392K, reserved 1048576K
Event: 3588.314 GC heap after
Heap after GC invocations=34 (full 4):
 PSYoungGen      total 410624K, used 7242K [0x00000000e0000000, 0x00000000fbc00000, 0x0000000100000000)
  eden space 381952K, 0% used [0x00000000e0000000,0x00000000e0000000,0x00000000f7500000)
  from space 28672K, 25% used [0x00000000f9000000,0x00000000f9712a18,0x00000000fac00000)
  to   space 27648K, 0% used [0x00000000f7500000,0x00000000f7500000,0x00000000f9000000)
 ParOldGen       total 109056K, used 50506K [0x00000000a0000000, 0x00000000a6a80000, 0x00000000e0000000)
  object space 109056K, 46% used [0x00000000a0000000,0x00000000a3152950,0x00000000a6a80000)
 Metaspace       used 85172K, capacity 88686K, committed 88960K, reserved 1126400K
  class space    used 10604K, capacity 11285K, committed 11392K, reserved 1048576K
}
Event: 4358.601 GC heap before
{Heap before GC invocations=35 (full 4):
 PSYoungGen      total 410624K, used 389194K [0x00000000e0000000, 0x00000000fbc00000, 0x0000000100000000)
  eden space 381952K, 100% used [0x00000000e0000000,0x00000000f7500000,0x00000000f7500000)
  from space 28672K, 25% used [0x00000000f9000000,0x00000000f9712a18,0x00000000fac00000)
  to   space 27648K, 0% used [0x00000000f7500000,0x00000000f7500000,0x00000000f9000000)
 ParOldGen       total 109056K, used 50506K [0x00000000a0000000, 0x00000000a6a80000, 0x00000000e0000000)
  object space 109056K, 46% used [0x00000000a0000000,0x00000000a3152950,0x00000000a6a80000)
 Metaspace       used 86474K, capacity 90560K, committed 90624K, reserved 1128448K
  class space    used 10751K, capacity 11506K, committed 11520K, reserved 1048576K
Event: 4359.099 GC heap after
Heap after GC invocations=35 (full 4):
 PSYoungGen      total 409600K, used 9596K [0x00000000e0000000, 0x00000000fbc00000, 0x0000000100000000)
  eden space 381952K, 0% used [0x00000000e0000000,0x00000000e0000000,0x00000000f7500000)
  from space 27648K, 34% used [0x00000000f7500000,0x00000000f7e5f250,0x00000000f9000000)
  to   space 28672K, 0% used [0x00000000f9000000,0x00000000f9000000,0x00000000fac00000)
 ParOldGen       total 109056K, used 51034K [0x00000000a0000000, 0x00000000a6a80000, 0x00000000e0000000)
  object space 109056K, 46% used [0x00000000a0000000,0x00000000a31d6970,0x00000000a6a80000)
 Metaspace       used 86474K, capacity 90560K, committed 90624K, reserved 1128448K
  class space    used 10751K, capacity 11506K, committed 11520K, reserved 1048576K
}
Event: 4648.228 GC heap before
{Heap before GC invocations=36 (full 4):
 PSYoungGen      total 409600K, used 391548K [0x00000000e0000000, 0x00000000fbc00000, 0x0000000100000000)
  eden space 381952K, 100% used [0x00000000e0000000,0x00000000f7500000,0x00000000f7500000)
  from space 27648K, 34% used [0x00000000f7500000,0x00000000f7e5f250,0x00000000f9000000)
  to   space 28672K, 0% used [0x00000000f9000000,0x00000000f9000000,0x00000000fac00000)
 ParOldGen       total 109056K, used 51034K [0x00000000a0000000, 0x00000000a6a80000, 0x00000000e0000000)
  object space 109056K, 46% used [0x00000000a0000000,0x00000000a31d6970,0x00000000a6a80000)
 Metaspace       used 87402K, capacity 91742K, committed 92032K, reserved 1130496K
  class space    used 10836K, capacity 11613K, committed 11648K, reserved 1048576K
Event: 4649.083 GC heap after
Heap after GC invocations=36 (full 4):
 PSYoungGen      total 410624K, used 28665K [0x00000000e0000000, 0x00000000fbc00000, 0x0000000100000000)
  eden space 381952K, 0% used [0x00000000e0000000,0x00000000e0000000,0x00000000f7500000)
  from space 28672K, 99% used [0x00000000f9000000,0x00000000fabfe550,0x00000000fac00000)
  to   space 27648K, 0% used [0x00000000f7500000,0x00000000f7500000,0x00000000f9000000)
 ParOldGen       total 109056K, used 90094K [0x00000000a0000000, 0x00000000a6a80000, 0x00000000e0000000)
  object space 109056K, 82% used [0x00000000a0000000,0x00000000a57fbb60,0x00000000a6a80000)
 Metaspace       used 87402K, capacity 91742K, committed 92032K, reserved 1130496K
  class space    used 10836K, capacity 11613K, committed 11648K, reserved 1048576K
}
Event: 4649.084 GC heap before
{Heap before GC invocations=37 (full 5):
 PSYoungGen      total 410624K, used 28665K [0x00000000e0000000, 0x00000000fbc00000, 0x0000000100000000)
  eden space 381952K, 0% used [0x00000000e0000000,0x00000000e0000000,0x00000000f7500000)
  from space 28672K, 99% used [0x00000000f9000000,0x00000000fabfe550,0x00000000fac00000)
  to   space 27648K, 0% used [0x00000000f7500000,0x00000000f7500000,0x00000000f9000000)
 ParOldGen       total 109056K, used 90094K [0x00000000a0000000, 0x00000000a6a80000, 0x00000000e0000000)
  object space 109056K, 82% used [0x00000000a0000000,0x00000000a57fbb60,0x00000000a6a80000)
 Metaspace       used 87402K, capacity 91742K, committed 92032K, reserved 1130496K
  class space    used 10836K, capacity 11613K, committed 11648K, reserved 1048576K
Event: 4652.421 GC heap after
Heap after GC invocations=37 (full 5):
 PSYoungGen      total 410624K, used 0K [0x00000000e0000000, 0x00000000fbc00000, 0x0000000100000000)
  eden space 381952K, 0% used [0x00000000e0000000,0x00000000e0000000,0x00000000f7500000)
  from space 28672K, 0% used [0x00000000f9000000,0x00000000f9000000,0x00000000fac00000)
  to   space 27648K, 0% used [0x00000000f7500000,0x00000000f7500000,0x00000000f9000000)
 ParOldGen       total 184320K, used 104202K [0x00000000a0000000, 0x00000000ab400000, 0x00000000e0000000)
  object space 184320K, 56% used [0x00000000a0000000,0x00000000a65c2ae8,0x00000000ab400000)
 Metaspace       used 85819K, capacity 89816K, committed 92032K, reserved 1130496K
  class space    used 10651K, capacity 11373K, committed 11648K, reserved 1048576K
}

