# JRE version: OpenJDK Runtime Environment (8.0_152-b06) (build 1.8.0_152-release-1136-b06)
# Java VM: OpenJDK 64-Bit Server VM (25.152-b06 mixed mode windows-amd64 compressed oops)
Heap:
 PSYoungGen      total 117248K, used 70062K [0x00000000e0000000, 0x00000000e8700000, 0x0000000100000000)
  eden space 108544K, 56% used [0x00000000e0000000,0x00000000e3bf0768,0x00000000e6a00000)
  from space 8704K, 99% used [0x00000000e7e80000,0x00000000e86fb1a8,0x00000000e8700000)
  to   space 10240K, 0% used [0x00000000e7300000,0x00000000e7300000,0x00000000e7d00000)
 ParOldGen       total 55808K, used 17424K [0x00000000a0000000, 0x00000000a3680000, 0x00000000e0000000)
  object space 55808K, 31% used [0x00000000a0000000,0x00000000a11042d8,0x00000000a3680000)
 Metaspace       used 44577K, capacity 45634K, committed 45952K, reserved 1089536K
  class space    used 6081K, capacity 6408K, committed 6528K, reserved 1048576K
GC Heap History (10 events):
Event: 14.436 GC heap before
{Heap before GC invocations=10 (full 1):
 PSYoungGen      total 71168K, used 64512K [0x00000000e0000000, 0x00000000e4c00000, 0x0000000100000000)
  eden space 64512K, 100% used [0x00000000e0000000,0x00000000e3f00000,0x00000000e3f00000)
  from space 6656K, 0% used [0x00000000e4580000,0x00000000e4580000,0x00000000e4c00000)
  to   space 6656K, 0% used [0x00000000e3f00000,0x00000000e3f00000,0x00000000e4580000)
 ParOldGen       total 34304K, used 9491K [0x00000000a0000000, 0x00000000a2180000, 0x00000000e0000000)
  object space 34304K, 27% used [0x00000000a0000000,0x00000000a0944ff0,0x00000000a2180000)
 Metaspace       used 26657K, capacity 27170K, committed 27392K, reserved 1073152K
  class space    used 3644K, capacity 3801K, committed 3840K, reserved 1048576K
Event: 14.466 GC heap after
Heap after GC invocations=10 (full 1):
 PSYoungGen      total 71168K, used 6653K [0x00000000e0000000, 0x00000000e6580000, 0x0000000100000000)
  eden space 64512K, 0% used [0x00000000e0000000,0x00000000e0000000,0x00000000e3f00000)
  from space 6656K, 99% used [0x00000000e3f00000,0x00000000e457f7c8,0x00000000e4580000)
  to   space 7680K, 0% used [0x00000000e5e00000,0x00000000e5e00000,0x00000000e6580000)
 ParOldGen       total 34304K, used 9838K [0x00000000a0000000, 0x00000000a2180000, 0x00000000e0000000)
  object space 34304K, 28% used [0x00000000a0000000,0x00000000a099b9a8,0x00000000a2180000)
 Metaspace       used 26657K, capacity 27170K, committed 27392K, reserved 1073152K
  class space    used 3644K, capacity 3801K, committed 3840K, reserved 1048576K
}
Event: 16.954 GC heap before
{Heap before GC invocations=11 (full 1):
 PSYoungGen      total 71168K, used 71165K [0x00000000e0000000, 0x00000000e6580000, 0x0000000100000000)
  eden space 64512K, 100% used [0x00000000e0000000,0x00000000e3f00000,0x00000000e3f00000)
  from space 6656K, 99% used [0x00000000e3f00000,0x00000000e457f7c8,0x00000000e4580000)
  to   space 7680K, 0% used [0x00000000e5e00000,0x00000000e5e00000,0x00000000e6580000)
 ParOldGen       total 34304K, used 9838K [0x00000000a0000000, 0x00000000a2180000, 0x00000000e0000000)
  object space 34304K, 28% used [0x00000000a0000000,0x00000000a099b9a8,0x00000000a2180000)
 Metaspace       used 29902K, capacity 30388K, committed 30720K, reserved 1075200K
  class space    used 4165K, capacity 4319K, committed 4352K, reserved 1048576K
Event: 16.993 GC heap after
Heap after GC invocations=11 (full 1):
 PSYoungGen      total 95232K, used 7662K [0x00000000e0000000, 0x00000000e6780000, 0x0000000100000000)
  eden space 87552K, 0% used [0x00000000e0000000,0x00000000e0000000,0x00000000e5580000)
  from space 7680K, 99% used [0x00000000e5e00000,0x00000000e657b908,0x00000000e6580000)
  to   space 8704K, 0% used [0x00000000e5580000,0x00000000e5580000,0x00000000e5e00000)
 ParOldGen       total 34304K, used 10791K [0x00000000a0000000, 0x00000000a2180000, 0x00000000e0000000)
  object space 34304K, 31% used [0x00000000a0000000,0x00000000a0a89c08,0x00000000a2180000)
 Metaspace       used 29902K, capacity 30388K, committed 30720K, reserved 1075200K
  class space    used 4165K, capacity 4319K, committed 4352K, reserved 1048576K
}
Event: 18.667 GC heap before
{Heap before GC invocations=12 (full 1):
 PSYoungGen      total 95232K, used 41825K [0x00000000e0000000, 0x00000000e6780000, 0x0000000100000000)
  eden space 87552K, 39% used [0x00000000e0000000,0x00000000e215cc08,0x00000000e5580000)
  from space 7680K, 99% used [0x00000000e5e00000,0x00000000e657b908,0x00000000e6580000)
  to   space 8704K, 0% used [0x00000000e5580000,0x00000000e5580000,0x00000000e5e00000)
 ParOldGen       total 34304K, used 10791K [0x00000000a0000000, 0x00000000a2180000, 0x00000000e0000000)
  object space 34304K, 31% used [0x00000000a0000000,0x00000000a0a89c08,0x00000000a2180000)
 Metaspace       used 34565K, capacity 35246K, committed 35416K, reserved 1079296K
  class space    used 4797K, capacity 5025K, committed 5120K, reserved 1048576K
Event: 18.703 GC heap after
Heap after GC invocations=12 (full 1):
 PSYoungGen      total 96256K, used 4464K [0x00000000e0000000, 0x00000000e8700000, 0x0000000100000000)
  eden space 87552K, 0% used [0x00000000e0000000,0x00000000e0000000,0x00000000e5580000)
  from space 8704K, 51% used [0x00000000e5580000,0x00000000e59dc3e0,0x00000000e5e00000)
  to   space 8704K, 0% used [0x00000000e7e80000,0x00000000e7e80000,0x00000000e8700000)
 ParOldGen       total 34304K, used 16074K [0x00000000a0000000, 0x00000000a2180000, 0x00000000e0000000)
  object space 34304K, 46% used [0x00000000a0000000,0x00000000a0fb2bb8,0x00000000a2180000)
 Metaspace       used 34565K, capacity 35246K, committed 35416K, reserved 1079296K
  class space    used 4797K, capacity 5025K, committed 5120K, reserved 1048576K
}
Event: 18.703 GC heap before
{Heap before GC invocations=13 (full 2):
 PSYoungGen      total 96256K, used 4464K [0x00000000e0000000, 0x00000000e8700000, 0x0000000100000000)
  eden space 87552K, 0% used [0x00000000e0000000,0x00000000e0000000,0x00000000e5580000)
  from space 8704K, 51% used [0x00000000e5580000,0x00000000e59dc3e0,0x00000000e5e00000)
  to   space 8704K, 0% used [0x00000000e7e80000,0x00000000e7e80000,0x00000000e8700000)
 ParOldGen       total 34304K, used 16074K [0x00000000a0000000, 0x00000000a2180000, 0x00000000e0000000)
  object space 34304K, 46% used [0x00000000a0000000,0x00000000a0fb2bb8,0x00000000a2180000)
 Metaspace       used 34565K, capacity 35246K, committed 35416K, reserved 1079296K
  class space    used 4797K, capacity 5025K, committed 5120K, reserved 1048576K
Event: 18.965 GC heap after
Heap after GC invocations=13 (full 2):
 PSYoungGen      total 96256K, used 0K [0x00000000e0000000, 0x00000000e8700000, 0x0000000100000000)
  eden space 87552K, 0% used [0x00000000e0000000,0x00000000e0000000,0x00000000e5580000)
  from space 8704K, 0% used [0x00000000e5580000,0x00000000e5580000,0x00000000e5e00000)
  to   space 8704K, 0% used [0x00000000e7e80000,0x00000000e7e80000,0x00000000e8700000)
 ParOldGen       total 55808K, used 16356K [0x00000000a0000000, 0x00000000a3680000, 0x00000000e0000000)
  object space 55808K, 29% used [0x00000000a0000000,0x00000000a0ff93e8,0x00000000a3680000)
 Metaspace       used 34565K, capacity 35246K, committed 35416K, reserved 1079296K
  class space    used 4797K, capacity 5025K, committed 5120K, reserved 1048576K
}
Event: 21.814 GC heap before
{Heap before GC invocations=14 (full 2):
 PSYoungGen      total 96256K, used 87347K [0x00000000e0000000, 0x00000000e8700000, 0x0000000100000000)
  eden space 87552K, 99% used [0x00000000e0000000,0x00000000e554ccf0,0x00000000e5580000)
  from space 8704K, 0% used [0x00000000e5580000,0x00000000e5580000,0x00000000e5e00000)
  to   space 8704K, 0% used [0x00000000e7e80000,0x00000000e7e80000,0x00000000e8700000)
 ParOldGen       total 55808K, used 16356K [0x00000000a0000000, 0x00000000a3680000, 0x00000000e0000000)
  object space 55808K, 29% used [0x00000000a0000000,0x00000000a0ff93e8,0x00000000a3680000)
 Metaspace       used 40253K, capacity 41096K, committed 41344K, reserved 1085440K
  class space    used 5458K, capacity 5730K, committed 5760K, reserved 1048576K
Event: 21.844 GC heap after
Heap after GC invocations=14 (full 2):
 PSYoungGen      total 117248K, used 8684K [0x00000000e0000000, 0x00000000e8700000, 0x0000000100000000)
  eden space 108544K, 0% used [0x00000000e0000000,0x00000000e0000000,0x00000000e6a00000)
  from space 8704K, 99% used [0x00000000e7e80000,0x00000000e86fb1a8,0x00000000e8700000)
  to   space 10240K, 0% used [0x00000000e7300000,0x00000000e7300000,0x00000000e7d00000)
 ParOldGen       total 55808K, used 17424K [0x00000000a0000000, 0x00000000a3680000, 0x00000000e0000000)
  object space 55808K, 31% used [0x00000000a0000000,0x00000000a11042d8,0x00000000a3680000)
 Metaspace       used 40253K, capacity 41096K, committed 41344K, reserved 1085440K
  class space    used 5458K, capacity 5730K, committed 5760K, reserved 1048576K
}

