# JRE version: OpenJDK Runtime Environment (8.0_152-b06) (build 1.8.0_152-release-1136-b06)
# Java VM: OpenJDK 64-Bit Server VM (25.152-b06 mixed mode windows-amd64 compressed oops)
Heap:
 PSYoungGen      total 135168K, used 126464K [0x00000000e0000000, 0x00000000ead00000, 0x0000000100000000)
  eden space 126464K, 100% used [0x00000000e0000000,0x00000000e7b80000,0x00000000e7b80000)
  from space 8704K, 0% used [0x00000000e7b80000,0x00000000e7b80000,0x00000000e8400000)
  to   space 11264K, 0% used [0x00000000ea200000,0x00000000ea200000,0x00000000ead00000)
 ParOldGen       total 54784K, used 19446K [0x00000000a0000000, 0x00000000a3580000, 0x00000000e0000000)
  object space 54784K, 35% used [0x00000000a0000000,0x00000000a12fda60,0x00000000a3580000)
 Metaspace       used 42569K, capacity 43566K, committed 43776K, reserved 1087488K
  class space    used 5777K, capacity 6080K, committed 6144K, reserved 1048576K
GC Heap History (10 events):
Event: 11.167 GC heap before
{Heap before GC invocations=7 (full 0):
 PSYoungGen      total 71168K, used 25021K [0x00000000e0000000, 0x00000000e4f00000, 0x0000000100000000)
  eden space 64512K, 28% used [0x00000000e0000000,0x00000000e1201da0,0x00000000e3f00000)
  from space 6656K, 98% used [0x00000000e4680000,0x00000000e4ced840,0x00000000e4d00000)
  to   space 7680K, 0% used [0x00000000e3f00000,0x00000000e3f00000,0x00000000e4680000)
 ParOldGen       total 44032K, used 7599K [0x00000000a0000000, 0x00000000a2b00000, 0x00000000e0000000)
  object space 44032K, 17% used [0x00000000a0000000,0x00000000a076bfa8,0x00000000a2b00000)
 Metaspace       used 20683K, capacity 21160K, committed 21248K, reserved 1067008K
  class space    used 2885K, capacity 3044K, committed 3072K, reserved 1048576K
Event: 11.190 GC heap after
Heap after GC invocations=7 (full 0):
 PSYoungGen      total 72192K, used 5819K [0x00000000e0000000, 0x00000000e8d00000, 0x0000000100000000)
  eden space 64512K, 0% used [0x00000000e0000000,0x00000000e0000000,0x00000000e3f00000)
  from space 7680K, 75% used [0x00000000e3f00000,0x00000000e44aece0,0x00000000e4680000)
  to   space 7680K, 0% used [0x00000000e8580000,0x00000000e8580000,0x00000000e8d00000)
 ParOldGen       total 44032K, used 8426K [0x00000000a0000000, 0x00000000a2b00000, 0x00000000e0000000)
  object space 44032K, 19% used [0x00000000a0000000,0x00000000a083ab90,0x00000000a2b00000)
 Metaspace       used 20683K, capacity 21160K, committed 21248K, reserved 1067008K
  class space    used 2885K, capacity 3044K, committed 3072K, reserved 1048576K
}
Event: 11.190 GC heap before
{Heap before GC invocations=8 (full 1):
 PSYoungGen      total 72192K, used 5819K [0x00000000e0000000, 0x00000000e8d00000, 0x0000000100000000)
  eden space 64512K, 0% used [0x00000000e0000000,0x00000000e0000000,0x00000000e3f00000)
  from space 7680K, 75% used [0x00000000e3f00000,0x00000000e44aece0,0x00000000e4680000)
  to   space 7680K, 0% used [0x00000000e8580000,0x00000000e8580000,0x00000000e8d00000)
 ParOldGen       total 44032K, used 8426K [0x00000000a0000000, 0x00000000a2b00000, 0x00000000e0000000)
  object space 44032K, 19% used [0x00000000a0000000,0x00000000a083ab90,0x00000000a2b00000)
 Metaspace       used 20683K, capacity 21160K, committed 21248K, reserved 1067008K
  class space    used 2885K, capacity 3044K, committed 3072K, reserved 1048576K
Event: 11.287 GC heap after
Heap after GC invocations=8 (full 1):
 PSYoungGen      total 72192K, used 0K [0x00000000e0000000, 0x00000000e8d00000, 0x0000000100000000)
  eden space 64512K, 0% used [0x00000000e0000000,0x00000000e0000000,0x00000000e3f00000)
  from space 7680K, 0% used [0x00000000e3f00000,0x00000000e3f00000,0x00000000e4680000)
  to   space 7680K, 0% used [0x00000000e8580000,0x00000000e8580000,0x00000000e8d00000)
 ParOldGen       total 35328K, used 10818K [0x00000000a0000000, 0x00000000a2280000, 0x00000000e0000000)
  object space 35328K, 30% used [0x00000000a0000000,0x00000000a0a90820,0x00000000a2280000)
 Metaspace       used 20683K, capacity 21160K, committed 21248K, reserved 1067008K
  class space    used 2885K, capacity 3044K, committed 3072K, reserved 1048576K
}
Event: 13.588 GC heap before
{Heap before GC invocations=9 (full 1):
 PSYoungGen      total 72192K, used 64512K [0x00000000e0000000, 0x00000000e8d00000, 0x0000000100000000)
  eden space 64512K, 100% used [0x00000000e0000000,0x00000000e3f00000,0x00000000e3f00000)
  from space 7680K, 0% used [0x00000000e3f00000,0x00000000e3f00000,0x00000000e4680000)
  to   space 7680K, 0% used [0x00000000e8580000,0x00000000e8580000,0x00000000e8d00000)
 ParOldGen       total 35328K, used 10818K [0x00000000a0000000, 0x00000000a2280000, 0x00000000e0000000)
  object space 35328K, 30% used [0x00000000a0000000,0x00000000a0a90820,0x00000000a2280000)
 Metaspace       used 26618K, capacity 27042K, committed 27392K, reserved 1073152K
  class space    used 3643K, capacity 3801K, committed 3840K, reserved 1048576K
Event: 13.606 GC heap after
Heap after GC invocations=9 (full 1):
 PSYoungGen      total 117248K, used 7094K [0x00000000e0000000, 0x00000000e8c80000, 0x0000000100000000)
  eden space 110080K, 0% used [0x00000000e0000000,0x00000000e0000000,0x00000000e6b80000)
  from space 7168K, 98% used [0x00000000e8580000,0x00000000e8c6da78,0x00000000e8c80000)
  to   space 8704K, 0% used [0x00000000e7b80000,0x00000000e7b80000,0x00000000e8400000)
 ParOldGen       total 35328K, used 10826K [0x00000000a0000000, 0x00000000a2280000, 0x00000000e0000000)
  object space 35328K, 30% used [0x00000000a0000000,0x00000000a0a92820,0x00000000a2280000)
 Metaspace       used 26618K, capacity 27042K, committed 27392K, reserved 1073152K
  class space    used 3643K, capacity 3801K, committed 3840K, reserved 1048576K
}
Event: 23.267 GC heap before
{Heap before GC invocations=10 (full 1):
 PSYoungGen      total 117248K, used 107487K [0x00000000e0000000, 0x00000000e8c80000, 0x0000000100000000)
  eden space 110080K, 91% used [0x00000000e0000000,0x00000000e620a470,0x00000000e6b80000)
  from space 7168K, 98% used [0x00000000e8580000,0x00000000e8c6da78,0x00000000e8c80000)
  to   space 8704K, 0% used [0x00000000e7b80000,0x00000000e7b80000,0x00000000e8400000)
 ParOldGen       total 35328K, used 10826K [0x00000000a0000000, 0x00000000a2280000, 0x00000000e0000000)
  object space 35328K, 30% used [0x00000000a0000000,0x00000000a0a92820,0x00000000a2280000)
 Metaspace       used 34539K, capacity 35246K, committed 35416K, reserved 1079296K
  class space    used 4796K, capacity 5025K, committed 5120K, reserved 1048576K
Event: 23.358 GC heap after
Heap after GC invocations=10 (full 1):
 PSYoungGen      total 135168K, used 8702K [0x00000000e0000000, 0x00000000ead00000, 0x0000000100000000)
  eden space 126464K, 0% used [0x00000000e0000000,0x00000000e0000000,0x00000000e7b80000)
  from space 8704K, 99% used [0x00000000e7b80000,0x00000000e83ffb40,0x00000000e8400000)
  to   space 11264K, 0% used [0x00000000ea200000,0x00000000ea200000,0x00000000ead00000)
 ParOldGen       total 35328K, used 15192K [0x00000000a0000000, 0x00000000a2280000, 0x00000000e0000000)
  object space 35328K, 43% used [0x00000000a0000000,0x00000000a0ed6018,0x00000000a2280000)
 Metaspace       used 34539K, capacity 35246K, committed 35416K, reserved 1079296K
  class space    used 4796K, capacity 5025K, committed 5120K, reserved 1048576K
}
Event: 23.358 GC heap before
{Heap before GC invocations=11 (full 2):
 PSYoungGen      total 135168K, used 8702K [0x00000000e0000000, 0x00000000ead00000, 0x0000000100000000)
  eden space 126464K, 0% used [0x00000000e0000000,0x00000000e0000000,0x00000000e7b80000)
  from space 8704K, 99% used [0x00000000e7b80000,0x00000000e83ffb40,0x00000000e8400000)
  to   space 11264K, 0% used [0x00000000ea200000,0x00000000ea200000,0x00000000ead00000)
 ParOldGen       total 35328K, used 15192K [0x00000000a0000000, 0x00000000a2280000, 0x00000000e0000000)
  object space 35328K, 43% used [0x00000000a0000000,0x00000000a0ed6018,0x00000000a2280000)
 Metaspace       used 34539K, capacity 35246K, committed 35416K, reserved 1079296K
  class space    used 4796K, capacity 5025K, committed 5120K, reserved 1048576K
Event: 23.607 GC heap after
Heap after GC invocations=11 (full 2):
 PSYoungGen      total 135168K, used 0K [0x00000000e0000000, 0x00000000ead00000, 0x0000000100000000)
  eden space 126464K, 0% used [0x00000000e0000000,0x00000000e0000000,0x00000000e7b80000)
  from space 8704K, 0% used [0x00000000e7b80000,0x00000000e7b80000,0x00000000e8400000)
  to   space 11264K, 0% used [0x00000000ea200000,0x00000000ea200000,0x00000000ead00000)
 ParOldGen       total 54784K, used 19446K [0x00000000a0000000, 0x00000000a3580000, 0x00000000e0000000)
  object space 54784K, 35% used [0x00000000a0000000,0x00000000a12fda60,0x00000000a3580000)
 Metaspace       used 34539K, capacity 35246K, committed 35416K, reserved 1079296K
  class space    used 4796K, capacity 5025K, committed 5120K, reserved 1048576K
}

