# JRE version: OpenJDK Runtime Environment (8.0_152-b06) (build 1.8.0_152-release-1136-b06)
# Java VM: OpenJDK 64-Bit Server VM (25.152-b06 mixed mode windows-amd64 compressed oops)
Heap:
 PSYoungGen      total 324096K, used 63987K [0x00000000e0000000, 0x00000000f6300000, 0x0000000100000000)
  eden space 296960K, 12% used [0x00000000e0000000,0x00000000e23ff940,0x00000000f2200000)
  from space 27136K, 99% used [0x00000000f2200000,0x00000000f3c7d2d8,0x00000000f3c80000)
  to   space 24576K, 0% used [0x00000000f3c80000,0x00000000f3c80000,0x00000000f5480000)
 ParOldGen       total 93184K, used 51860K [0x00000000a0000000, 0x00000000a5b00000, 0x00000000e0000000)
  object space 93184K, 55% used [0x00000000a0000000,0x00000000a32a5048,0x00000000a5b00000)
 Metaspace       used 85080K, capacity 89031K, committed 89216K, reserved 1126400K
  class space    used 10931K, capacity 11785K, committed 11904K, reserved 1048576K
GC Heap History (10 events):
Event: 105.947 GC heap before
{Heap before GC invocations=16 (full 3):
 PSYoungGen      total 251392K, used 230912K [0x00000000e0000000, 0x00000000f0f80000, 0x0000000100000000)
  eden space 230912K, 100% used [0x00000000e0000000,0x00000000ee180000,0x00000000ee180000)
  from space 20480K, 0% used [0x00000000ef600000,0x00000000ef600000,0x00000000f0a00000)
  to   space 20992K, 0% used [0x00000000ee180000,0x00000000ee180000,0x00000000ef600000)
 ParOldGen       total 93184K, used 45195K [0x00000000a0000000, 0x00000000a5b00000, 0x00000000e0000000)
  object space 93184K, 48% used [0x00000000a0000000,0x00000000a2c22e88,0x00000000a5b00000)
 Metaspace       used 64383K, capacity 66763K, committed 67072K, reserved 1107968K
  class space    used 8578K, capacity 9144K, committed 9216K, reserved 1048576K
Event: 106.005 GC heap after
Heap after GC invocations=16 (full 3):
 PSYoungGen      total 251904K, used 15309K [0x00000000e0000000, 0x00000000f3580000, 0x0000000100000000)
  eden space 230912K, 0% used [0x00000000e0000000,0x00000000e0000000,0x00000000ee180000)
  from space 20992K, 72% used [0x00000000ee180000,0x00000000ef0734c0,0x00000000ef600000)
  to   space 22016K, 0% used [0x00000000f2000000,0x00000000f2000000,0x00000000f3580000)
 ParOldGen       total 93184K, used 45203K [0x00000000a0000000, 0x00000000a5b00000, 0x00000000e0000000)
  object space 93184K, 48% used [0x00000000a0000000,0x00000000a2c24e88,0x00000000a5b00000)
 Metaspace       used 64383K, capacity 66763K, committed 67072K, reserved 1107968K
  class space    used 8578K, capacity 9144K, committed 9216K, reserved 1048576K
}
Event: 2202.034 GC heap before
{Heap before GC invocations=17 (full 3):
 PSYoungGen      total 251904K, used 246221K [0x00000000e0000000, 0x00000000f3580000, 0x0000000100000000)
  eden space 230912K, 100% used [0x00000000e0000000,0x00000000ee180000,0x00000000ee180000)
  from space 20992K, 72% used [0x00000000ee180000,0x00000000ef0734c0,0x00000000ef600000)
  to   space 22016K, 0% used [0x00000000f2000000,0x00000000f2000000,0x00000000f3580000)
 ParOldGen       total 93184K, used 45203K [0x00000000a0000000, 0x00000000a5b00000, 0x00000000e0000000)
  object space 93184K, 48% used [0x00000000a0000000,0x00000000a2c24e88,0x00000000a5b00000)
 Metaspace       used 67520K, capacity 70089K, committed 70272K, reserved 1110016K
  class space    used 8890K, capacity 9525K, committed 9600K, reserved 1048576K
Event: 2202.278 GC heap after
Heap after GC invocations=17 (full 3):
 PSYoungGen      total 279552K, used 13935K [0x00000000e0000000, 0x00000000f2e80000, 0x0000000100000000)
  eden space 264704K, 0% used [0x00000000e0000000,0x00000000e0000000,0x00000000f0280000)
  from space 14848K, 93% used [0x00000000f2000000,0x00000000f2d9be38,0x00000000f2e80000)
  to   space 22528K, 0% used [0x00000000f0280000,0x00000000f0280000,0x00000000f1880000)
 ParOldGen       total 93184K, used 45211K [0x00000000a0000000, 0x00000000a5b00000, 0x00000000e0000000)
  object space 93184K, 48% used [0x00000000a0000000,0x00000000a2c26e88,0x00000000a5b00000)
 Metaspace       used 67520K, capacity 70089K, committed 70272K, reserved 1110016K
  class space    used 8890K, capacity 9525K, committed 9600K, reserved 1048576K
}
Event: 2271.050 GC heap before
{Heap before GC invocations=18 (full 3):
 PSYoungGen      total 279552K, used 278639K [0x00000000e0000000, 0x00000000f2e80000, 0x0000000100000000)
  eden space 264704K, 100% used [0x00000000e0000000,0x00000000f0280000,0x00000000f0280000)
  from space 14848K, 93% used [0x00000000f2000000,0x00000000f2d9be38,0x00000000f2e80000)
  to   space 22528K, 0% used [0x00000000f0280000,0x00000000f0280000,0x00000000f1880000)
 ParOldGen       total 93184K, used 45211K [0x00000000a0000000, 0x00000000a5b00000, 0x00000000e0000000)
  object space 93184K, 48% used [0x00000000a0000000,0x00000000a2c26e88,0x00000000a5b00000)
 Metaspace       used 74688K, capacity 77439K, committed 77696K, reserved 1116160K
  class space    used 9613K, capacity 10274K, committed 10368K, reserved 1048576K
Event: 2271.364 GC heap after
Heap after GC invocations=18 (full 3):
 PSYoungGen      total 287232K, used 18527K [0x00000000e0000000, 0x00000000f5480000, 0x0000000100000000)
  eden space 264704K, 0% used [0x00000000e0000000,0x00000000e0000000,0x00000000f0280000)
  from space 22528K, 82% used [0x00000000f0280000,0x00000000f1497ce8,0x00000000f1880000)
  to   space 24576K, 0% used [0x00000000f3c80000,0x00000000f3c80000,0x00000000f5480000)
 ParOldGen       total 93184K, used 45219K [0x00000000a0000000, 0x00000000a5b00000, 0x00000000e0000000)
  object space 93184K, 48% used [0x00000000a0000000,0x00000000a2c28e88,0x00000000a5b00000)
 Metaspace       used 74688K, capacity 77439K, committed 77696K, reserved 1116160K
  class space    used 9613K, capacity 10274K, committed 10368K, reserved 1048576K
}
Event: 2297.965 GC heap before
{Heap before GC invocations=19 (full 3):
 PSYoungGen      total 287232K, used 282587K [0x00000000e0000000, 0x00000000f5480000, 0x0000000100000000)
  eden space 264704K, 99% used [0x00000000e0000000,0x00000000f01df0a0,0x00000000f0280000)
  from space 22528K, 82% used [0x00000000f0280000,0x00000000f1497ce8,0x00000000f1880000)
  to   space 24576K, 0% used [0x00000000f3c80000,0x00000000f3c80000,0x00000000f5480000)
 ParOldGen       total 93184K, used 45219K [0x00000000a0000000, 0x00000000a5b00000, 0x00000000e0000000)
  object space 93184K, 48% used [0x00000000a0000000,0x00000000a2c28e88,0x00000000a5b00000)
 Metaspace       used 76055K, capacity 78889K, committed 79104K, reserved 1118208K
  class space    used 9797K, capacity 10489K, committed 10496K, reserved 1048576K
Event: 2298.569 GC heap after
Heap after GC invocations=19 (full 3):
 PSYoungGen      total 321536K, used 22355K [0x00000000e0000000, 0x00000000f6300000, 0x0000000100000000)
  eden space 296960K, 0% used [0x00000000e0000000,0x00000000e0000000,0x00000000f2200000)
  from space 24576K, 90% used [0x00000000f3c80000,0x00000000f5254ee8,0x00000000f5480000)
  to   space 27136K, 0% used [0x00000000f2200000,0x00000000f2200000,0x00000000f3c80000)
 ParOldGen       total 93184K, used 45227K [0x00000000a0000000, 0x00000000a5b00000, 0x00000000e0000000)
  object space 93184K, 48% used [0x00000000a0000000,0x00000000a2c2ae88,0x00000000a5b00000)
 Metaspace       used 76055K, capacity 78889K, committed 79104K, reserved 1118208K
  class space    used 9797K, capacity 10489K, committed 10496K, reserved 1048576K
}
Event: 2347.036 GC heap before
{Heap before GC invocations=20 (full 3):
 PSYoungGen      total 321536K, used 319315K [0x00000000e0000000, 0x00000000f6300000, 0x0000000100000000)
  eden space 296960K, 100% used [0x00000000e0000000,0x00000000f2200000,0x00000000f2200000)
  from space 24576K, 90% used [0x00000000f3c80000,0x00000000f5254ee8,0x00000000f5480000)
  to   space 27136K, 0% used [0x00000000f2200000,0x00000000f2200000,0x00000000f3c80000)
 ParOldGen       total 93184K, used 45227K [0x00000000a0000000, 0x00000000a5b00000, 0x00000000e0000000)
  object space 93184K, 48% used [0x00000000a0000000,0x00000000a2c2ae88,0x00000000a5b00000)
 Metaspace       used 84373K, capacity 88271K, committed 88576K, reserved 1126400K
  class space    used 10875K, capacity 11713K, committed 11776K, reserved 1048576K
Event: 2347.836 GC heap after
Heap after GC invocations=20 (full 3):
 PSYoungGen      total 324096K, used 27124K [0x00000000e0000000, 0x00000000f6300000, 0x0000000100000000)
  eden space 296960K, 0% used [0x00000000e0000000,0x00000000e0000000,0x00000000f2200000)
  from space 27136K, 99% used [0x00000000f2200000,0x00000000f3c7d2d8,0x00000000f3c80000)
  to   space 24576K, 0% used [0x00000000f3c80000,0x00000000f3c80000,0x00000000f5480000)
 ParOldGen       total 93184K, used 51860K [0x00000000a0000000, 0x00000000a5b00000, 0x00000000e0000000)
  object space 93184K, 55% used [0x00000000a0000000,0x00000000a32a5048,0x00000000a5b00000)
 Metaspace       used 84373K, capacity 88271K, committed 88576K, reserved 1126400K
  class space    used 10875K, capacity 11713K, committed 11776K, reserved 1048576K
}

