# JRE version: OpenJDK Runtime Environment (8.0_152-b06) (build 1.8.0_152-release-1136-b06)
# Java VM: OpenJDK 64-Bit Server VM (25.152-b06 mixed mode windows-amd64 compressed oops)
Heap:
 PSYoungGen      total 164864K, used 164210K [0x00000000e0000000, 0x00000000ede80000, 0x0000000100000000)
  eden space 150016K, 99% used [0x00000000e0000000,0x00000000e91e07e0,0x00000000e9280000)
  from space 14848K, 99% used [0x00000000e9280000,0x00000000ea0fc398,0x00000000ea100000)
  to   space 17920K, 0% used [0x00000000ecd00000,0x00000000ecd00000,0x00000000ede80000)
 ParOldGen       total 82944K, used 38319K [0x00000000a0000000, 0x00000000a5100000, 0x00000000e0000000)
  object space 82944K, 46% used [0x00000000a0000000,0x00000000a256bd40,0x00000000a5100000)
 Metaspace       used 67164K, capacity 68916K, committed 69376K, reserved 1110016K
  class space    used 8715K, capacity 9169K, committed 9216K, reserved 1048576K
GC Heap History (10 events):
Event: 25.318 GC heap before
{Heap before GC invocations=14 (full 2):
 PSYoungGen      total 95744K, used 87040K [0x00000000e0000000, 0x00000000e8500000, 0x0000000100000000)
  eden space 87040K, 100% used [0x00000000e0000000,0x00000000e5500000,0x00000000e5500000)
  from space 8704K, 0% used [0x00000000e5500000,0x00000000e5500000,0x00000000e5d80000)
  to   space 8704K, 0% used [0x00000000e7c80000,0x00000000e7c80000,0x00000000e8500000)
 ParOldGen       total 50688K, used 16407K [0x00000000a0000000, 0x00000000a3180000, 0x00000000e0000000)
  object space 50688K, 32% used [0x00000000a0000000,0x00000000a1005de0,0x00000000a3180000)
 Metaspace       used 40088K, capacity 40868K, committed 41088K, reserved 1085440K
  class space    used 5426K, capacity 5690K, committed 5760K, reserved 1048576K
Event: 25.339 GC heap after
Heap after GC invocations=14 (full 2):
 PSYoungGen      total 124416K, used 8684K [0x00000000e0000000, 0x00000000e8500000, 0x0000000100000000)
  eden space 115712K, 0% used [0x00000000e0000000,0x00000000e0000000,0x00000000e7100000)
  from space 8704K, 99% used [0x00000000e7c80000,0x00000000e84fb208,0x00000000e8500000)
  to   space 9728K, 0% used [0x00000000e7200000,0x00000000e7200000,0x00000000e7b80000)
 ParOldGen       total 50688K, used 17021K [0x00000000a0000000, 0x00000000a3180000, 0x00000000e0000000)
  object space 50688K, 33% used [0x00000000a0000000,0x00000000a109f5f8,0x00000000a3180000)
 Metaspace       used 40088K, capacity 40868K, committed 41088K, reserved 1085440K
  class space    used 5426K, capacity 5690K, committed 5760K, reserved 1048576K
}
Event: 29.352 GC heap before
{Heap before GC invocations=15 (full 2):
 PSYoungGen      total 124416K, used 124396K [0x00000000e0000000, 0x00000000e8500000, 0x0000000100000000)
  eden space 115712K, 100% used [0x00000000e0000000,0x00000000e7100000,0x00000000e7100000)
  from space 8704K, 99% used [0x00000000e7c80000,0x00000000e84fb208,0x00000000e8500000)
  to   space 9728K, 0% used [0x00000000e7200000,0x00000000e7200000,0x00000000e7b80000)
 ParOldGen       total 50688K, used 17021K [0x00000000a0000000, 0x00000000a3180000, 0x00000000e0000000)
  object space 50688K, 33% used [0x00000000a0000000,0x00000000a109f5f8,0x00000000a3180000)
 Metaspace       used 50093K, capacity 51366K, committed 51712K, reserved 1093632K
  class space    used 6726K, capacity 7052K, committed 7168K, reserved 1048576K
Event: 29.408 GC heap after
Heap after GC invocations=15 (full 2):
 PSYoungGen      total 126464K, used 9708K [0x00000000e0000000, 0x00000000eb200000, 0x0000000100000000)
  eden space 116736K, 0% used [0x00000000e0000000,0x00000000e0000000,0x00000000e7200000)
  from space 9728K, 99% used [0x00000000e7200000,0x00000000e7b7b170,0x00000000e7b80000)
  to   space 14336K, 0% used [0x00000000ea400000,0x00000000ea400000,0x00000000eb200000)
 ParOldGen       total 50688K, used 25543K [0x00000000a0000000, 0x00000000a3180000, 0x00000000e0000000)
  object space 50688K, 50% used [0x00000000a0000000,0x00000000a18f1de0,0x00000000a3180000)
 Metaspace       used 50093K, capacity 51366K, committed 51712K, reserved 1093632K
  class space    used 6726K, capacity 7052K, committed 7168K, reserved 1048576K
}
Event: 144.558 GC heap before
{Heap before GC invocations=16 (full 2):
 PSYoungGen      total 126464K, used 103443K [0x00000000e0000000, 0x00000000eb200000, 0x0000000100000000)
  eden space 116736K, 80% used [0x00000000e0000000,0x00000000e5b89b90,0x00000000e7200000)
  from space 9728K, 99% used [0x00000000e7200000,0x00000000e7b7b170,0x00000000e7b80000)
  to   space 14336K, 0% used [0x00000000ea400000,0x00000000ea400000,0x00000000eb200000)
 ParOldGen       total 50688K, used 25543K [0x00000000a0000000, 0x00000000a3180000, 0x00000000e0000000)
  object space 50688K, 50% used [0x00000000a0000000,0x00000000a18f1de0,0x00000000a3180000)
 Metaspace       used 57068K, capacity 58788K, committed 59008K, reserved 1099776K
  class space    used 7763K, capacity 8215K, committed 8320K, reserved 1048576K
Event: 144.611 GC heap after
Heap after GC invocations=16 (full 2):
 PSYoungGen      total 161792K, used 11002K [0x00000000e0000000, 0x00000000eaf80000, 0x0000000100000000)
  eden space 150016K, 0% used [0x00000000e0000000,0x00000000e0000000,0x00000000e9280000)
  from space 11776K, 93% used [0x00000000ea400000,0x00000000eaebeab8,0x00000000eaf80000)
  to   space 14848K, 0% used [0x00000000e9280000,0x00000000e9280000,0x00000000ea100000)
 ParOldGen       total 50688K, used 31877K [0x00000000a0000000, 0x00000000a3180000, 0x00000000e0000000)
  object space 50688K, 62% used [0x00000000a0000000,0x00000000a1f217d0,0x00000000a3180000)
 Metaspace       used 57068K, capacity 58788K, committed 59008K, reserved 1099776K
  class space    used 7763K, capacity 8215K, committed 8320K, reserved 1048576K
}
Event: 144.611 GC heap before
{Heap before GC invocations=17 (full 3):
 PSYoungGen      total 161792K, used 11002K [0x00000000e0000000, 0x00000000eaf80000, 0x0000000100000000)
  eden space 150016K, 0% used [0x00000000e0000000,0x00000000e0000000,0x00000000e9280000)
  from space 11776K, 93% used [0x00000000ea400000,0x00000000eaebeab8,0x00000000eaf80000)
  to   space 14848K, 0% used [0x00000000e9280000,0x00000000e9280000,0x00000000ea100000)
 ParOldGen       total 50688K, used 31877K [0x00000000a0000000, 0x00000000a3180000, 0x00000000e0000000)
  object space 50688K, 62% used [0x00000000a0000000,0x00000000a1f217d0,0x00000000a3180000)
 Metaspace       used 57068K, capacity 58788K, committed 59008K, reserved 1099776K
  class space    used 7763K, capacity 8215K, committed 8320K, reserved 1048576K
Event: 145.143 GC heap after
Heap after GC invocations=17 (full 3):
 PSYoungGen      total 161792K, used 0K [0x00000000e0000000, 0x00000000eaf80000, 0x0000000100000000)
  eden space 150016K, 0% used [0x00000000e0000000,0x00000000e0000000,0x00000000e9280000)
  from space 11776K, 0% used [0x00000000ea400000,0x00000000ea400000,0x00000000eaf80000)
  to   space 14848K, 0% used [0x00000000e9280000,0x00000000e9280000,0x00000000ea100000)
 ParOldGen       total 82944K, used 35709K [0x00000000a0000000, 0x00000000a5100000, 0x00000000e0000000)
  object space 82944K, 43% used [0x00000000a0000000,0x00000000a22df7a0,0x00000000a5100000)
 Metaspace       used 57068K, capacity 58788K, committed 59008K, reserved 1099776K
  class space    used 7763K, capacity 8215K, committed 8320K, reserved 1048576K
}
Event: 199.922 GC heap before
{Heap before GC invocations=18 (full 3):
 PSYoungGen      total 161792K, used 150016K [0x00000000e0000000, 0x00000000eaf80000, 0x0000000100000000)
  eden space 150016K, 100% used [0x00000000e0000000,0x00000000e9280000,0x00000000e9280000)
  from space 11776K, 0% used [0x00000000ea400000,0x00000000ea400000,0x00000000eaf80000)
  to   space 14848K, 0% used [0x00000000e9280000,0x00000000e9280000,0x00000000ea100000)
 ParOldGen       total 82944K, used 35709K [0x00000000a0000000, 0x00000000a5100000, 0x00000000e0000000)
  object space 82944K, 43% used [0x00000000a0000000,0x00000000a22df7a0,0x00000000a5100000)
 Metaspace       used 60813K, capacity 62516K, committed 62720K, reserved 1103872K
  class space    used 8144K, capacity 8589K, committed 8704K, reserved 1048576K
Event: 199.976 GC heap after
Heap after GC invocations=18 (full 3):
 PSYoungGen      total 164864K, used 14832K [0x00000000e0000000, 0x00000000ede80000, 0x0000000100000000)
  eden space 150016K, 0% used [0x00000000e0000000,0x00000000e0000000,0x00000000e9280000)
  from space 14848K, 99% used [0x00000000e9280000,0x00000000ea0fc398,0x00000000ea100000)
  to   space 17920K, 0% used [0x00000000ecd00000,0x00000000ecd00000,0x00000000ede80000)
 ParOldGen       total 82944K, used 38319K [0x00000000a0000000, 0x00000000a5100000, 0x00000000e0000000)
  object space 82944K, 46% used [0x00000000a0000000,0x00000000a256bd40,0x00000000a5100000)
 Metaspace       used 60813K, capacity 62516K, committed 62720K, reserved 1103872K
  class space    used 8144K, capacity 8589K, committed 8704K, reserved 1048576K
}

