# JRE version: OpenJDK Runtime Environment (8.0_152-b06) (build 1.8.0_152-release-1136-b06)
# Java VM: OpenJDK 64-Bit Server VM (25.152-b06 mixed mode windows-amd64 compressed oops)
Heap:
 PSYoungGen      total 21504K, used 9157K [0x00000000e0000000, 0x00000000e2a00000, 0x0000000100000000)
  eden space 15872K, 31% used [0x00000000e0000000,0x00000000e04dc6d0,0x00000000e0f80000)
  from space 5632K, 74% used [0x00000000e0f80000,0x00000000e1394fc0,0x00000000e1500000)
  to   space 5632K, 0% used [0x00000000e2480000,0x00000000e2480000,0x00000000e2a00000)
 ParOldGen       total 44032K, used 6823K [0x00000000a0000000, 0x00000000a2b00000, 0x00000000e0000000)
  object space 44032K, 15% used [0x00000000a0000000,0x00000000a06a9fe0,0x00000000a2b00000)
 Metaspace       used 16171K, capacity 16584K, committed 16896K, reserved 1062912K
  class space    used 2311K, capacity 2448K, committed 2560K, reserved 1048576K
GC Heap History (10 events):
Event: 3.281 GC heap before
{Heap before GC invocations=3 (full 0):
 PSYoungGen      total 18944K, used 18926K [0x00000000e0000000, 0x00000000e1500000, 0x0000000100000000)
  eden space 16384K, 100% used [0x00000000e0000000,0x00000000e1000000,0x00000000e1000000)
  from space 2560K, 99% used [0x00000000e1280000,0x00000000e14fb848,0x00000000e1500000)
  to   space 2560K, 0% used [0x00000000e1000000,0x00000000e1000000,0x00000000e1280000)
 ParOldGen       total 44032K, used 1087K [0x00000000a0000000, 0x00000000a2b00000, 0x00000000e0000000)
  object space 44032K, 2% used [0x00000000a0000000,0x00000000a010fda8,0x00000000a2b00000)
 Metaspace       used 7308K, capacity 7508K, committed 7680K, reserved 1056768K
  class space    used 904K, capacity 952K, committed 1024K, reserved 1048576K
Event: 3.289 GC heap after
Heap after GC invocations=3 (full 0):
 PSYoungGen      total 18944K, used 2537K [0x00000000e0000000, 0x00000000e1500000, 0x0000000100000000)
  eden space 16384K, 0% used [0x00000000e0000000,0x00000000e0000000,0x00000000e1000000)
  from space 2560K, 99% used [0x00000000e1000000,0x00000000e127a630,0x00000000e1280000)
  to   space 2560K, 0% used [0x00000000e1280000,0x00000000e1280000,0x00000000e1500000)
 ParOldGen       total 44032K, used 1683K [0x00000000a0000000, 0x00000000a2b00000, 0x00000000e0000000)
  object space 44032K, 3% used [0x00000000a0000000,0x00000000a01a4c78,0x00000000a2b00000)
 Metaspace       used 7308K, capacity 7508K, committed 7680K, reserved 1056768K
  class space    used 904K, capacity 952K, committed 1024K, reserved 1048576K
}
Event: 8.935 GC heap before
{Heap before GC invocations=4 (full 0):
 PSYoungGen      total 18944K, used 18921K [0x00000000e0000000, 0x00000000e1500000, 0x0000000100000000)
  eden space 16384K, 100% used [0x00000000e0000000,0x00000000e1000000,0x00000000e1000000)
  from space 2560K, 99% used [0x00000000e1000000,0x00000000e127a630,0x00000000e1280000)
  to   space 2560K, 0% used [0x00000000e1280000,0x00000000e1280000,0x00000000e1500000)
 ParOldGen       total 44032K, used 1683K [0x00000000a0000000, 0x00000000a2b00000, 0x00000000e0000000)
  object space 44032K, 3% used [0x00000000a0000000,0x00000000a01a4c78,0x00000000a2b00000)
 Metaspace       used 10787K, capacity 11092K, committed 11264K, reserved 1058816K
  class space    used 1409K, capacity 1522K, committed 1536K, reserved 1048576K
Event: 8.947 GC heap after
Heap after GC invocations=4 (full 0):
 PSYoungGen      total 18944K, used 2553K [0x00000000e0000000, 0x00000000e1500000, 0x0000000100000000)
  eden space 16384K, 0% used [0x00000000e0000000,0x00000000e0000000,0x00000000e1000000)
  from space 2560K, 99% used [0x00000000e1280000,0x00000000e14fe640,0x00000000e1500000)
  to   space 2560K, 0% used [0x00000000e1000000,0x00000000e1000000,0x00000000e1280000)
 ParOldGen       total 44032K, used 3943K [0x00000000a0000000, 0x00000000a2b00000, 0x00000000e0000000)
  object space 44032K, 8% used [0x00000000a0000000,0x00000000a03d9e28,0x00000000a2b00000)
 Metaspace       used 10787K, capacity 11092K, committed 11264K, reserved 1058816K
  class space    used 1409K, capacity 1522K, committed 1536K, reserved 1048576K
}
Event: 9.627 GC heap before
{Heap before GC invocations=5 (full 0):
 PSYoungGen      total 18944K, used 18937K [0x00000000e0000000, 0x00000000e1500000, 0x0000000100000000)
  eden space 16384K, 100% used [0x00000000e0000000,0x00000000e1000000,0x00000000e1000000)
  from space 2560K, 99% used [0x00000000e1280000,0x00000000e14fe640,0x00000000e1500000)
  to   space 2560K, 0% used [0x00000000e1000000,0x00000000e1000000,0x00000000e1280000)
 ParOldGen       total 44032K, used 3943K [0x00000000a0000000, 0x00000000a2b00000, 0x00000000e0000000)
  object space 44032K, 8% used [0x00000000a0000000,0x00000000a03d9e28,0x00000000a2b00000)
 Metaspace       used 12856K, capacity 13284K, committed 13440K, reserved 1060864K
  class space    used 1748K, capacity 1902K, committed 1920K, reserved 1048576K
Event: 9.639 GC heap after
Heap after GC invocations=5 (full 0):
 PSYoungGen      total 18944K, used 2537K [0x00000000e0000000, 0x00000000e1a00000, 0x0000000100000000)
  eden space 16384K, 0% used [0x00000000e0000000,0x00000000e0000000,0x00000000e1000000)
  from space 2560K, 99% used [0x00000000e1000000,0x00000000e127a650,0x00000000e1280000)
  to   space 5120K, 0% used [0x00000000e1500000,0x00000000e1500000,0x00000000e1a00000)
 ParOldGen       total 44032K, used 5886K [0x00000000a0000000, 0x00000000a2b00000, 0x00000000e0000000)
  object space 44032K, 13% used [0x00000000a0000000,0x00000000a05bf990,0x00000000a2b00000)
 Metaspace       used 12856K, capacity 13284K, committed 13440K, reserved 1060864K
  class space    used 1748K, capacity 1902K, committed 1920K, reserved 1048576K
}
Event: 10.066 GC heap before
{Heap before GC invocations=6 (full 0):
 PSYoungGen      total 18944K, used 18921K [0x00000000e0000000, 0x00000000e1a00000, 0x0000000100000000)
  eden space 16384K, 100% used [0x00000000e0000000,0x00000000e1000000,0x00000000e1000000)
  from space 2560K, 99% used [0x00000000e1000000,0x00000000e127a650,0x00000000e1280000)
  to   space 5120K, 0% used [0x00000000e1500000,0x00000000e1500000,0x00000000e1a00000)
 ParOldGen       total 44032K, used 5886K [0x00000000a0000000, 0x00000000a2b00000, 0x00000000e0000000)
  object space 44032K, 13% used [0x00000000a0000000,0x00000000a05bf990,0x00000000a2b00000)
 Metaspace       used 14222K, capacity 14568K, committed 14720K, reserved 1062912K
  class space    used 1981K, capacity 2096K, committed 2176K, reserved 1048576K
Event: 10.081 GC heap after
Heap after GC invocations=6 (full 0):
 PSYoungGen      total 20992K, used 4477K [0x00000000e0000000, 0x00000000e2b00000, 0x0000000100000000)
  eden space 15872K, 0% used [0x00000000e0000000,0x00000000e0000000,0x00000000e0f80000)
  from space 5120K, 87% used [0x00000000e1500000,0x00000000e195f608,0x00000000e1a00000)
  to   space 5632K, 0% used [0x00000000e0f80000,0x00000000e0f80000,0x00000000e1500000)
 ParOldGen       total 44032K, used 5894K [0x00000000a0000000, 0x00000000a2b00000, 0x00000000e0000000)
  object space 44032K, 13% used [0x00000000a0000000,0x00000000a05c1990,0x00000000a2b00000)
 Metaspace       used 14222K, capacity 14568K, committed 14720K, reserved 1062912K
  class space    used 1981K, capacity 2096K, committed 2176K, reserved 1048576K
}
Event: 11.049 GC heap before
{Heap before GC invocations=7 (full 0):
 PSYoungGen      total 20992K, used 20349K [0x00000000e0000000, 0x00000000e2b00000, 0x0000000100000000)
  eden space 15872K, 100% used [0x00000000e0000000,0x00000000e0f80000,0x00000000e0f80000)
  from space 5120K, 87% used [0x00000000e1500000,0x00000000e195f608,0x00000000e1a00000)
  to   space 5632K, 0% used [0x00000000e0f80000,0x00000000e0f80000,0x00000000e1500000)
 ParOldGen       total 44032K, used 5894K [0x00000000a0000000, 0x00000000a2b00000, 0x00000000e0000000)
  object space 44032K, 13% used [0x00000000a0000000,0x00000000a05c1990,0x00000000a2b00000)
 Metaspace       used 15819K, capacity 16232K, committed 16512K, reserved 1062912K
  class space    used 2243K, capacity 2352K, committed 2432K, reserved 1048576K
Event: 11.126 GC heap after
Heap after GC invocations=7 (full 0):
 PSYoungGen      total 21504K, used 4179K [0x00000000e0000000, 0x00000000e2a00000, 0x0000000100000000)
  eden space 15872K, 0% used [0x00000000e0000000,0x00000000e0000000,0x00000000e0f80000)
  from space 5632K, 74% used [0x00000000e0f80000,0x00000000e1394fc0,0x00000000e1500000)
  to   space 5632K, 0% used [0x00000000e2480000,0x00000000e2480000,0x00000000e2a00000)
 ParOldGen       total 44032K, used 6823K [0x00000000a0000000, 0x00000000a2b00000, 0x00000000e0000000)
  object space 44032K, 15% used [0x00000000a0000000,0x00000000a06a9fe0,0x00000000a2b00000)
 Metaspace       used 15819K, capacity 16232K, committed 16512K, reserved 1062912K
  class space    used 2243K, capacity 2352K, committed 2432K, reserved 1048576K
}

