# JRE version: OpenJDK Runtime Environment (8.0_152-b06) (build 1.8.0_152-release-1136-b06)
# Java VM: OpenJDK 64-Bit Server VM (25.152-b06 mixed mode windows-amd64 compressed oops)
Heap:
 PSYoungGen      total 37376K, used 19205K [0x00000000e0000000, 0x00000000e2a00000, 0x0000000100000000)
  eden space 31744K, 60% used [0x00000000e0000000,0x00000000e12c1698,0x00000000e1f00000)
  from space 5632K, 0% used [0x00000000e1f00000,0x00000000e1f00000,0x00000000e2480000)
  to   space 5632K, 0% used [0x00000000e2480000,0x00000000e2480000,0x00000000e2a00000)
 ParOldGen       total 32768K, used 8287K [0x00000000a0000000, 0x00000000a2000000, 0x00000000e0000000)
  object space 32768K, 25% used [0x00000000a0000000,0x00000000a0817c40,0x00000000a2000000)
 Metaspace       used 23010K, capacity 23538K, committed 23808K, reserved 1069056K
  class space    used 3122K, capacity 3276K, committed 3328K, reserved 1048576K
GC Heap History (10 events):
Event: 10.903 GC heap before
{Heap before GC invocations=6 (full 0):
 PSYoungGen      total 18944K, used 18937K [0x00000000e0000000, 0x00000000e1a00000, 0x0000000100000000)
  eden space 16384K, 100% used [0x00000000e0000000,0x00000000e1000000,0x00000000e1000000)
  from space 2560K, 99% used [0x00000000e1000000,0x00000000e127e640,0x00000000e1280000)
  to   space 5120K, 0% used [0x00000000e1500000,0x00000000e1500000,0x00000000e1a00000)
 ParOldGen       total 44032K, used 5870K [0x00000000a0000000, 0x00000000a2b00000, 0x00000000e0000000)
  object space 44032K, 13% used [0x00000000a0000000,0x00000000a05bba88,0x00000000a2b00000)
 Metaspace       used 14219K, capacity 14568K, committed 14720K, reserved 1062912K
  class space    used 1979K, capacity 2096K, committed 2176K, reserved 1048576K
Event: 10.917 GC heap after
Heap after GC invocations=6 (full 0):
 PSYoungGen      total 20992K, used 4496K [0x00000000e0000000, 0x00000000e2b00000, 0x0000000100000000)
  eden space 15872K, 0% used [0x00000000e0000000,0x00000000e0000000,0x00000000e0f80000)
  from space 5120K, 87% used [0x00000000e1500000,0x00000000e1964310,0x00000000e1a00000)
  to   space 5632K, 0% used [0x00000000e0f80000,0x00000000e0f80000,0x00000000e1500000)
 ParOldGen       total 44032K, used 5870K [0x00000000a0000000, 0x00000000a2b00000, 0x00000000e0000000)
  object space 44032K, 13% used [0x00000000a0000000,0x00000000a05bba88,0x00000000a2b00000)
 Metaspace       used 14219K, capacity 14568K, committed 14720K, reserved 1062912K
  class space    used 1979K, capacity 2096K, committed 2176K, reserved 1048576K
}
Event: 11.409 GC heap before
{Heap before GC invocations=7 (full 0):
 PSYoungGen      total 20992K, used 20368K [0x00000000e0000000, 0x00000000e2b00000, 0x0000000100000000)
  eden space 15872K, 100% used [0x00000000e0000000,0x00000000e0f80000,0x00000000e0f80000)
  from space 5120K, 87% used [0x00000000e1500000,0x00000000e1964310,0x00000000e1a00000)
  to   space 5632K, 0% used [0x00000000e0f80000,0x00000000e0f80000,0x00000000e1500000)
 ParOldGen       total 44032K, used 5870K [0x00000000a0000000, 0x00000000a2b00000, 0x00000000e0000000)
  object space 44032K, 13% used [0x00000000a0000000,0x00000000a05bba88,0x00000000a2b00000)
 Metaspace       used 15823K, capacity 16232K, committed 16512K, reserved 1062912K
  class space    used 2242K, capacity 2352K, committed 2432K, reserved 1048576K
Event: 11.427 GC heap after
Heap after GC invocations=7 (full 0):
 PSYoungGen      total 21504K, used 4177K [0x00000000e0000000, 0x00000000e2a00000, 0x0000000100000000)
  eden space 15872K, 0% used [0x00000000e0000000,0x00000000e0000000,0x00000000e0f80000)
  from space 5632K, 74% used [0x00000000e0f80000,0x00000000e13946d8,0x00000000e1500000)
  to   space 5632K, 0% used [0x00000000e2480000,0x00000000e2480000,0x00000000e2a00000)
 ParOldGen       total 44032K, used 6776K [0x00000000a0000000, 0x00000000a2b00000, 0x00000000e0000000)
  object space 44032K, 15% used [0x00000000a0000000,0x00000000a069e0d8,0x00000000a2b00000)
 Metaspace       used 15823K, capacity 16232K, committed 16512K, reserved 1062912K
  class space    used 2242K, capacity 2352K, committed 2432K, reserved 1048576K
}
Event: 12.055 GC heap before
{Heap before GC invocations=8 (full 0):
 PSYoungGen      total 21504K, used 20049K [0x00000000e0000000, 0x00000000e2a00000, 0x0000000100000000)
  eden space 15872K, 100% used [0x00000000e0000000,0x00000000e0f80000,0x00000000e0f80000)
  from space 5632K, 74% used [0x00000000e0f80000,0x00000000e13946d8,0x00000000e1500000)
  to   space 5632K, 0% used [0x00000000e2480000,0x00000000e2480000,0x00000000e2a00000)
 ParOldGen       total 44032K, used 6776K [0x00000000a0000000, 0x00000000a2b00000, 0x00000000e0000000)
  object space 44032K, 15% used [0x00000000a0000000,0x00000000a069e0d8,0x00000000a2b00000)
 Metaspace       used 17293K, capacity 17684K, committed 17792K, reserved 1064960K
  class space    used 2493K, capacity 2616K, committed 2688K, reserved 1048576K
Event: 12.076 GC heap after
Heap after GC invocations=8 (full 0):
 PSYoungGen      total 37376K, used 3568K [0x00000000e0000000, 0x00000000e2a00000, 0x0000000100000000)
  eden space 31744K, 0% used [0x00000000e0000000,0x00000000e0000000,0x00000000e1f00000)
  from space 5632K, 63% used [0x00000000e2480000,0x00000000e27fc140,0x00000000e2a00000)
  to   space 5632K, 0% used [0x00000000e1f00000,0x00000000e1f00000,0x00000000e2480000)
 ParOldGen       total 44032K, used 7760K [0x00000000a0000000, 0x00000000a2b00000, 0x00000000e0000000)
  object space 44032K, 17% used [0x00000000a0000000,0x00000000a0794138,0x00000000a2b00000)
 Metaspace       used 17293K, capacity 17684K, committed 17792K, reserved 1064960K
  class space    used 2493K, capacity 2616K, committed 2688K, reserved 1048576K
}
Event: 13.123 GC heap before
{Heap before GC invocations=9 (full 0):
 PSYoungGen      total 37376K, used 21686K [0x00000000e0000000, 0x00000000e2a00000, 0x0000000100000000)
  eden space 31744K, 57% used [0x00000000e0000000,0x00000000e11b1818,0x00000000e1f00000)
  from space 5632K, 63% used [0x00000000e2480000,0x00000000e27fc140,0x00000000e2a00000)
  to   space 5632K, 0% used [0x00000000e1f00000,0x00000000e1f00000,0x00000000e2480000)
 ParOldGen       total 44032K, used 7760K [0x00000000a0000000, 0x00000000a2b00000, 0x00000000e0000000)
  object space 44032K, 17% used [0x00000000a0000000,0x00000000a0794138,0x00000000a2b00000)
 Metaspace       used 20669K, capacity 21160K, committed 21248K, reserved 1067008K
  class space    used 2882K, capacity 3044K, committed 3072K, reserved 1048576K
Event: 13.135 GC heap after
Heap after GC invocations=9 (full 0):
 PSYoungGen      total 37376K, used 4130K [0x00000000e0000000, 0x00000000e2a00000, 0x0000000100000000)
  eden space 31744K, 0% used [0x00000000e0000000,0x00000000e0000000,0x00000000e1f00000)
  from space 5632K, 73% used [0x00000000e1f00000,0x00000000e2308ab0,0x00000000e2480000)
  to   space 5632K, 0% used [0x00000000e2480000,0x00000000e2480000,0x00000000e2a00000)
 ParOldGen       total 44032K, used 8668K [0x00000000a0000000, 0x00000000a2b00000, 0x00000000e0000000)
  object space 44032K, 19% used [0x00000000a0000000,0x00000000a0877008,0x00000000a2b00000)
 Metaspace       used 20669K, capacity 21160K, committed 21248K, reserved 1067008K
  class space    used 2882K, capacity 3044K, committed 3072K, reserved 1048576K
}
Event: 13.135 GC heap before
{Heap before GC invocations=10 (full 1):
 PSYoungGen      total 37376K, used 4130K [0x00000000e0000000, 0x00000000e2a00000, 0x0000000100000000)
  eden space 31744K, 0% used [0x00000000e0000000,0x00000000e0000000,0x00000000e1f00000)
  from space 5632K, 73% used [0x00000000e1f00000,0x00000000e2308ab0,0x00000000e2480000)
  to   space 5632K, 0% used [0x00000000e2480000,0x00000000e2480000,0x00000000e2a00000)
 ParOldGen       total 44032K, used 8668K [0x00000000a0000000, 0x00000000a2b00000, 0x00000000e0000000)
  object space 44032K, 19% used [0x00000000a0000000,0x00000000a0877008,0x00000000a2b00000)
 Metaspace       used 20669K, capacity 21160K, committed 21248K, reserved 1067008K
  class space    used 2882K, capacity 3044K, committed 3072K, reserved 1048576K
Event: 13.296 GC heap after
Heap after GC invocations=10 (full 1):
 PSYoungGen      total 37376K, used 0K [0x00000000e0000000, 0x00000000e2a00000, 0x0000000100000000)
  eden space 31744K, 0% used [0x00000000e0000000,0x00000000e0000000,0x00000000e1f00000)
  from space 5632K, 0% used [0x00000000e1f00000,0x00000000e1f00000,0x00000000e2480000)
  to   space 5632K, 0% used [0x00000000e2480000,0x00000000e2480000,0x00000000e2a00000)
 ParOldGen       total 32768K, used 8287K [0x00000000a0000000, 0x00000000a2000000, 0x00000000e0000000)
  object space 32768K, 25% used [0x00000000a0000000,0x00000000a0817c40,0x00000000a2000000)
 Metaspace       used 20669K, capacity 21160K, committed 21248K, reserved 1067008K
  class space    used 2882K, capacity 3044K, committed 3072K, reserved 1048576K
}

