# JRE version: OpenJDK Runtime Environment (8.0_152-b06) (build 1.8.0_152-release-1136-b06)
# Java VM: OpenJDK 64-Bit Server VM (25.152-b06 mixed mode windows-amd64 compressed oops)
Heap:
 PSYoungGen      total 183808K, used 7942K [0x00000000e0000000, 0x00000000f0900000, 0x0000000100000000)
  eden space 163840K, 4% used [0x00000000e0000000,0x00000000e07c1860,0x00000000ea000000)
  from space 19968K, 0% used [0x00000000ea000000,0x00000000ea000000,0x00000000eb380000)
  to   space 20480K, 0% used [0x00000000ef500000,0x00000000ef500000,0x00000000f0900000)
 ParOldGen       total 59904K, used 43288K [0x00000000a0000000, 0x00000000a3a80000, 0x00000000e0000000)
  object space 59904K, 72% used [0x00000000a0000000,0x00000000a2a46390,0x00000000a3a80000)
 Metaspace       used 59385K, capacity 61146K, committed 61440K, reserved 1101824K
  class space    used 7926K, capacity 8374K, committed 8448K, reserved 1048576K
GC Heap History (10 events):
Event: 25.561 GC heap before
{Heap before GC invocations=12 (full 2):
 PSYoungGen      total 134144K, used 125952K [0x00000000e0000000, 0x00000000e9a00000, 0x0000000100000000)
  eden space 125952K, 100% used [0x00000000e0000000,0x00000000e7b00000,0x00000000e7b00000)
  from space 8192K, 0% used [0x00000000e7b00000,0x00000000e7b00000,0x00000000e8300000)
  to   space 11264K, 0% used [0x00000000e8f00000,0x00000000e8f00000,0x00000000e9a00000)
 ParOldGen       total 59904K, used 19514K [0x00000000a0000000, 0x00000000a3a80000, 0x00000000e0000000)
  object space 59904K, 32% used [0x00000000a0000000,0x00000000a130e980,0x00000000a3a80000)
 Metaspace       used 42531K, capacity 43442K, committed 43776K, reserved 1087488K
  class space    used 5750K, capacity 6050K, committed 6144K, reserved 1048576K
Event: 25.607 GC heap after
Heap after GC invocations=12 (full 2):
 PSYoungGen      total 143872K, used 11256K [0x00000000e0000000, 0x00000000eb880000, 0x0000000100000000)
  eden space 132608K, 0% used [0x00000000e0000000,0x00000000e0000000,0x00000000e8180000)
  from space 11264K, 99% used [0x00000000e8f00000,0x00000000e99fe058,0x00000000e9a00000)
  to   space 13824K, 0% used [0x00000000e8180000,0x00000000e8180000,0x00000000e8f00000)
 ParOldGen       total 59904K, used 23097K [0x00000000a0000000, 0x00000000a3a80000, 0x00000000e0000000)
  object space 59904K, 38% used [0x00000000a0000000,0x00000000a168e728,0x00000000a3a80000)
 Metaspace       used 42531K, capacity 43442K, committed 43776K, reserved 1087488K
  class space    used 5750K, capacity 6050K, committed 6144K, reserved 1048576K
}
Event: 30.876 GC heap before
{Heap before GC invocations=13 (full 2):
 PSYoungGen      total 143872K, used 143864K [0x00000000e0000000, 0x00000000eb880000, 0x0000000100000000)
  eden space 132608K, 100% used [0x00000000e0000000,0x00000000e8180000,0x00000000e8180000)
  from space 11264K, 99% used [0x00000000e8f00000,0x00000000e99fe058,0x00000000e9a00000)
  to   space 13824K, 0% used [0x00000000e8180000,0x00000000e8180000,0x00000000e8f00000)
 ParOldGen       total 59904K, used 23097K [0x00000000a0000000, 0x00000000a3a80000, 0x00000000e0000000)
  object space 59904K, 38% used [0x00000000a0000000,0x00000000a168e728,0x00000000a3a80000)
 Metaspace       used 54077K, capacity 55686K, committed 55936K, reserved 1097728K
  class space    used 7377K, capacity 7768K, committed 7808K, reserved 1048576K
Event: 30.926 GC heap after
Heap after GC invocations=13 (full 2):
 PSYoungGen      total 146432K, used 13220K [0x00000000e0000000, 0x00000000ec400000, 0x0000000100000000)
  eden space 132608K, 0% used [0x00000000e0000000,0x00000000e0000000,0x00000000e8180000)
  from space 13824K, 95% used [0x00000000e8180000,0x00000000e8e69380,0x00000000e8f00000)
  to   space 15872K, 0% used [0x00000000eb480000,0x00000000eb480000,0x00000000ec400000)
 ParOldGen       total 59904K, used 32438K [0x00000000a0000000, 0x00000000a3a80000, 0x00000000e0000000)
  object space 59904K, 54% used [0x00000000a0000000,0x00000000a1fad8f0,0x00000000a3a80000)
 Metaspace       used 54077K, capacity 55686K, committed 55936K, reserved 1097728K
  class space    used 7377K, capacity 7768K, committed 7808K, reserved 1048576K
}
Event: 94.971 GC heap before
{Heap before GC invocations=14 (full 2):
 PSYoungGen      total 146432K, used 145828K [0x00000000e0000000, 0x00000000ec400000, 0x0000000100000000)
  eden space 132608K, 100% used [0x00000000e0000000,0x00000000e8180000,0x00000000e8180000)
  from space 13824K, 95% used [0x00000000e8180000,0x00000000e8e69380,0x00000000e8f00000)
  to   space 15872K, 0% used [0x00000000eb480000,0x00000000eb480000,0x00000000ec400000)
 ParOldGen       total 59904K, used 32438K [0x00000000a0000000, 0x00000000a3a80000, 0x00000000e0000000)
  object space 59904K, 54% used [0x00000000a0000000,0x00000000a1fad8f0,0x00000000a3a80000)
 Metaspace       used 56938K, capacity 58644K, committed 58880K, reserved 1099776K
  class space    used 7670K, capacity 8115K, committed 8192K, reserved 1048576K
Event: 95.040 GC heap after
Heap after GC invocations=14 (full 2):
 PSYoungGen      total 179712K, used 15849K [0x00000000e0000000, 0x00000000ec700000, 0x0000000100000000)
  eden space 163840K, 0% used [0x00000000e0000000,0x00000000e0000000,0x00000000ea000000)
  from space 15872K, 99% used [0x00000000eb480000,0x00000000ec3fa650,0x00000000ec400000)
  to   space 19968K, 0% used [0x00000000ea000000,0x00000000ea000000,0x00000000eb380000)
 ParOldGen       total 59904K, used 38370K [0x00000000a0000000, 0x00000000a3a80000, 0x00000000e0000000)
  object space 59904K, 64% used [0x00000000a0000000,0x00000000a2578828,0x00000000a3a80000)
 Metaspace       used 56938K, capacity 58644K, committed 58880K, reserved 1099776K
  class space    used 7670K, capacity 8115K, committed 8192K, reserved 1048576K
}
Event: 95.503 GC heap before
{Heap before GC invocations=15 (full 2):
 PSYoungGen      total 179712K, used 25462K [0x00000000e0000000, 0x00000000ec700000, 0x0000000100000000)
  eden space 163840K, 5% used [0x00000000e0000000,0x00000000e0963328,0x00000000ea000000)
  from space 15872K, 99% used [0x00000000eb480000,0x00000000ec3fa650,0x00000000ec400000)
  to   space 19968K, 0% used [0x00000000ea000000,0x00000000ea000000,0x00000000eb380000)
 ParOldGen       total 59904K, used 38370K [0x00000000a0000000, 0x00000000a3a80000, 0x00000000e0000000)
  object space 59904K, 64% used [0x00000000a0000000,0x00000000a2578828,0x00000000a3a80000)
 Metaspace       used 57257K, capacity 58900K, committed 59028K, reserved 1099776K
  class space    used 7702K, capacity 8115K, committed 8192K, reserved 1048576K
Event: 95.552 GC heap after
Heap after GC invocations=15 (full 2):
 PSYoungGen      total 183808K, used 899K [0x00000000e0000000, 0x00000000f0900000, 0x0000000100000000)
  eden space 163840K, 0% used [0x00000000e0000000,0x00000000e0000000,0x00000000ea000000)
  from space 19968K, 4% used [0x00000000ea000000,0x00000000ea0e0ee0,0x00000000eb380000)
  to   space 20480K, 0% used [0x00000000ef500000,0x00000000ef500000,0x00000000f0900000)
 ParOldGen       total 59904K, used 54139K [0x00000000a0000000, 0x00000000a3a80000, 0x00000000e0000000)
  object space 59904K, 90% used [0x00000000a0000000,0x00000000a34deed8,0x00000000a3a80000)
 Metaspace       used 57257K, capacity 58900K, committed 59028K, reserved 1099776K
  class space    used 7702K, capacity 8115K, committed 8192K, reserved 1048576K
}
Event: 95.552 GC heap before
{Heap before GC invocations=16 (full 3):
 PSYoungGen      total 183808K, used 899K [0x00000000e0000000, 0x00000000f0900000, 0x0000000100000000)
  eden space 163840K, 0% used [0x00000000e0000000,0x00000000e0000000,0x00000000ea000000)
  from space 19968K, 4% used [0x00000000ea000000,0x00000000ea0e0ee0,0x00000000eb380000)
  to   space 20480K, 0% used [0x00000000ef500000,0x00000000ef500000,0x00000000f0900000)
 ParOldGen       total 59904K, used 54139K [0x00000000a0000000, 0x00000000a3a80000, 0x00000000e0000000)
  object space 59904K, 90% used [0x00000000a0000000,0x00000000a34deed8,0x00000000a3a80000)
 Metaspace       used 57257K, capacity 58900K, committed 59028K, reserved 1099776K
  class space    used 7702K, capacity 8115K, committed 8192K, reserved 1048576K
Event: 95.989 GC heap after
Heap after GC invocations=16 (full 3):
 PSYoungGen      total 183808K, used 0K [0x00000000e0000000, 0x00000000f0900000, 0x0000000100000000)
  eden space 163840K, 0% used [0x00000000e0000000,0x00000000e0000000,0x00000000ea000000)
  from space 19968K, 0% used [0x00000000ea000000,0x00000000ea000000,0x00000000eb380000)
  to   space 20480K, 0% used [0x00000000ef500000,0x00000000ef500000,0x00000000f0900000)
 ParOldGen       total 59904K, used 43288K [0x00000000a0000000, 0x00000000a3a80000, 0x00000000e0000000)
  object space 59904K, 72% used [0x00000000a0000000,0x00000000a2a46390,0x00000000a3a80000)
 Metaspace       used 57257K, capacity 58900K, committed 59028K, reserved 1099776K
  class space    used 7702K, capacity 8115K, committed 8192K, reserved 1048576K
}

