# JRE version: OpenJDK Runtime Environment (8.0_152-b06) (build 1.8.0_152-release-1136-b06)
# Java VM: OpenJDK 64-Bit Server VM (25.152-b06 mixed mode windows-amd64 compressed oops)
Heap:
 PSYoungGen      total 111104K, used 63556K [0x00000000e0000000, 0x00000000e7d00000, 0x0000000100000000)
  eden space 100352K, 54% used [0x00000000e0000000,0x00000000e35bdbc8,0x00000000e6200000)
  from space 10752K, 79% used [0x00000000e6d00000,0x00000000e7553438,0x00000000e7780000)
  to   space 11264K, 0% used [0x00000000e6200000,0x00000000e6200000,0x00000000e6d00000)
 ParOldGen       total 60928K, used 18241K [0x00000000a0000000, 0x00000000a3b80000, 0x00000000e0000000)
  object space 60928K, 29% used [0x00000000a0000000,0x00000000a11d0790,0x00000000a3b80000)
 Metaspace       used 43870K, capacity 44992K, committed 45272K, reserved 1087488K
  class space    used 5946K, capacity 6300K, committed 6360K, reserved 1048576K
GC Heap History (10 events):
Event: 17.539 GC heap before
{Heap before GC invocations=10 (full 1):
 PSYoungGen      total 70656K, used 64000K [0x00000000e0000000, 0x00000000e4d00000, 0x0000000100000000)
  eden space 64000K, 100% used [0x00000000e0000000,0x00000000e3e80000,0x00000000e3e80000)
  from space 6656K, 0% used [0x00000000e4580000,0x00000000e4580000,0x00000000e4c00000)
  to   space 7168K, 0% used [0x00000000e3e80000,0x00000000e3e80000,0x00000000e4580000)
 ParOldGen       total 36864K, used 8851K [0x00000000a0000000, 0x00000000a2400000, 0x00000000e0000000)
  object space 36864K, 24% used [0x00000000a0000000,0x00000000a08a4d78,0x00000000a2400000)
 Metaspace       used 26006K, capacity 26488K, committed 26624K, reserved 1073152K
  class space    used 3630K, capacity 3793K, committed 3840K, reserved 1048576K
Event: 17.602 GC heap after
Heap after GC invocations=10 (full 1):
 PSYoungGen      total 71168K, used 6242K [0x00000000e0000000, 0x00000000e5f80000, 0x0000000100000000)
  eden space 64000K, 0% used [0x00000000e0000000,0x00000000e0000000,0x00000000e3e80000)
  from space 7168K, 87% used [0x00000000e3e80000,0x00000000e4498b58,0x00000000e4580000)
  to   space 7680K, 0% used [0x00000000e5800000,0x00000000e5800000,0x00000000e5f80000)
 ParOldGen       total 36864K, used 8851K [0x00000000a0000000, 0x00000000a2400000, 0x00000000e0000000)
  object space 36864K, 24% used [0x00000000a0000000,0x00000000a08a4d78,0x00000000a2400000)
 Metaspace       used 26006K, capacity 26488K, committed 26624K, reserved 1073152K
  class space    used 3630K, capacity 3793K, committed 3840K, reserved 1048576K
}
Event: 24.133 GC heap before
{Heap before GC invocations=11 (full 1):
 PSYoungGen      total 71168K, used 70242K [0x00000000e0000000, 0x00000000e5f80000, 0x0000000100000000)
  eden space 64000K, 100% used [0x00000000e0000000,0x00000000e3e80000,0x00000000e3e80000)
  from space 7168K, 87% used [0x00000000e3e80000,0x00000000e4498b58,0x00000000e4580000)
  to   space 7680K, 0% used [0x00000000e5800000,0x00000000e5800000,0x00000000e5f80000)
 ParOldGen       total 36864K, used 8851K [0x00000000a0000000, 0x00000000a2400000, 0x00000000e0000000)
  object space 36864K, 24% used [0x00000000a0000000,0x00000000a08a4d78,0x00000000a2400000)
 Metaspace       used 30120K, capacity 30748K, committed 30848K, reserved 1075200K
  class space    used 4224K, capacity 4421K, committed 4480K, reserved 1048576K
Event: 24.171 GC heap after
Heap after GC invocations=11 (full 1):
 PSYoungGen      total 89088K, used 7676K [0x00000000e0000000, 0x00000000e6080000, 0x0000000100000000)
  eden space 81408K, 0% used [0x00000000e0000000,0x00000000e0000000,0x00000000e4f80000)
  from space 7680K, 99% used [0x00000000e5800000,0x00000000e5f7f060,0x00000000e5f80000)
  to   space 8704K, 0% used [0x00000000e4f80000,0x00000000e4f80000,0x00000000e5800000)
 ParOldGen       total 36864K, used 10519K [0x00000000a0000000, 0x00000000a2400000, 0x00000000e0000000)
  object space 36864K, 28% used [0x00000000a0000000,0x00000000a0a45d18,0x00000000a2400000)
 Metaspace       used 30120K, capacity 30748K, committed 30848K, reserved 1075200K
  class space    used 4224K, capacity 4421K, committed 4480K, reserved 1048576K
}
Event: 34.395 GC heap before
{Heap before GC invocations=12 (full 1):
 PSYoungGen      total 89088K, used 54005K [0x00000000e0000000, 0x00000000e6080000, 0x0000000100000000)
  eden space 81408K, 56% used [0x00000000e0000000,0x00000000e2d3e6f0,0x00000000e4f80000)
  from space 7680K, 99% used [0x00000000e5800000,0x00000000e5f7f060,0x00000000e5f80000)
  to   space 8704K, 0% used [0x00000000e4f80000,0x00000000e4f80000,0x00000000e5800000)
 ParOldGen       total 36864K, used 10519K [0x00000000a0000000, 0x00000000a2400000, 0x00000000e0000000)
  object space 36864K, 28% used [0x00000000a0000000,0x00000000a0a45d18,0x00000000a2400000)
 Metaspace       used 34433K, capacity 35298K, committed 35416K, reserved 1079296K
  class space    used 4819K, capacity 5152K, committed 5208K, reserved 1048576K
Event: 34.423 GC heap after
Heap after GC invocations=12 (full 1):
 PSYoungGen      total 90112K, used 8682K [0x00000000e0000000, 0x00000000e7780000, 0x0000000100000000)
  eden space 81408K, 0% used [0x00000000e0000000,0x00000000e0000000,0x00000000e4f80000)
  from space 8704K, 99% used [0x00000000e4f80000,0x00000000e57faa88,0x00000000e5800000)
  to   space 10752K, 0% used [0x00000000e6d00000,0x00000000e6d00000,0x00000000e7780000)
 ParOldGen       total 36864K, used 13086K [0x00000000a0000000, 0x00000000a2400000, 0x00000000e0000000)
  object space 36864K, 35% used [0x00000000a0000000,0x00000000a0cc7a10,0x00000000a2400000)
 Metaspace       used 34433K, capacity 35298K, committed 35416K, reserved 1079296K
  class space    used 4819K, capacity 5152K, committed 5208K, reserved 1048576K
}
Event: 34.423 GC heap before
{Heap before GC invocations=13 (full 2):
 PSYoungGen      total 90112K, used 8682K [0x00000000e0000000, 0x00000000e7780000, 0x0000000100000000)
  eden space 81408K, 0% used [0x00000000e0000000,0x00000000e0000000,0x00000000e4f80000)
  from space 8704K, 99% used [0x00000000e4f80000,0x00000000e57faa88,0x00000000e5800000)
  to   space 10752K, 0% used [0x00000000e6d00000,0x00000000e6d00000,0x00000000e7780000)
 ParOldGen       total 36864K, used 13086K [0x00000000a0000000, 0x00000000a2400000, 0x00000000e0000000)
  object space 36864K, 35% used [0x00000000a0000000,0x00000000a0cc7a10,0x00000000a2400000)
 Metaspace       used 34433K, capacity 35298K, committed 35416K, reserved 1079296K
  class space    used 4819K, capacity 5152K, committed 5208K, reserved 1048576K
Event: 34.578 GC heap after
Heap after GC invocations=13 (full 2):
 PSYoungGen      total 90112K, used 0K [0x00000000e0000000, 0x00000000e7780000, 0x0000000100000000)
  eden space 81408K, 0% used [0x00000000e0000000,0x00000000e0000000,0x00000000e4f80000)
  from space 8704K, 0% used [0x00000000e4f80000,0x00000000e4f80000,0x00000000e5800000)
  to   space 10752K, 0% used [0x00000000e6d00000,0x00000000e6d00000,0x00000000e7780000)
 ParOldGen       total 60928K, used 18233K [0x00000000a0000000, 0x00000000a3b80000, 0x00000000e0000000)
  object space 60928K, 29% used [0x00000000a0000000,0x00000000a11ce790,0x00000000a3b80000)
 Metaspace       used 34433K, capacity 35298K, committed 35416K, reserved 1079296K
  class space    used 4819K, capacity 5152K, committed 5208K, reserved 1048576K
}
Event: 37.043 GC heap before
{Heap before GC invocations=14 (full 2):
 PSYoungGen      total 90112K, used 81408K [0x00000000e0000000, 0x00000000e7780000, 0x0000000100000000)
  eden space 81408K, 100% used [0x00000000e0000000,0x00000000e4f80000,0x00000000e4f80000)
  from space 8704K, 0% used [0x00000000e4f80000,0x00000000e4f80000,0x00000000e5800000)
  to   space 10752K, 0% used [0x00000000e6d00000,0x00000000e6d00000,0x00000000e7780000)
 ParOldGen       total 60928K, used 18233K [0x00000000a0000000, 0x00000000a3b80000, 0x00000000e0000000)
  object space 60928K, 29% used [0x00000000a0000000,0x00000000a11ce790,0x00000000a3b80000)
 Metaspace       used 39881K, capacity 40748K, committed 41176K, reserved 1085440K
  class space    used 5447K, capacity 5729K, committed 5848K, reserved 1048576K
Event: 37.076 GC heap after
Heap after GC invocations=14 (full 2):
 PSYoungGen      total 111104K, used 8525K [0x00000000e0000000, 0x00000000e7d00000, 0x0000000100000000)
  eden space 100352K, 0% used [0x00000000e0000000,0x00000000e0000000,0x00000000e6200000)
  from space 10752K, 79% used [0x00000000e6d00000,0x00000000e7553438,0x00000000e7780000)
  to   space 11264K, 0% used [0x00000000e6200000,0x00000000e6200000,0x00000000e6d00000)
 ParOldGen       total 60928K, used 18241K [0x00000000a0000000, 0x00000000a3b80000, 0x00000000e0000000)
  object space 60928K, 29% used [0x00000000a0000000,0x00000000a11d0790,0x00000000a3b80000)
 Metaspace       used 39881K, capacity 40748K, committed 41176K, reserved 1085440K
  class space    used 5447K, capacity 5729K, committed 5848K, reserved 1048576K
}

