# JRE version: OpenJDK Runtime Environment (8.0_152-b06) (build 1.8.0_152-release-1136-b06)
# Java VM: OpenJDK 64-Bit Server VM (25.152-b06 mixed mode windows-amd64 compressed oops)
Heap:
 PSYoungGen      total 435712K, used 106178K [0x00000000e0000000, 0x0000000100000000, 0x0000000100000000)
  eden space 353280K, 17% used [0x00000000e0000000,0x00000000e3c6f050,0x00000000f5900000)
  from space 82432K, 53% used [0x00000000faa00000,0x00000000fd541838,0x00000000ffa80000)
  to   space 82944K, 0% used [0x00000000f5900000,0x00000000f5900000,0x00000000faa00000)
 ParOldGen       total 148992K, used 46337K [0x00000000a0000000, 0x00000000a9180000, 0x00000000e0000000)
  object space 148992K, 31% used [0x00000000a0000000,0x00000000a2d407a0,0x00000000a9180000)
 Metaspace       used 89760K, capacity 94182K, committed 94336K, reserved 1132544K
  class space    used 11036K, capacity 11810K, committed 11904K, reserved 1048576K
GC Heap History (10 events):
Event: 3522.087 GC heap before
{Heap before GC invocations=37 (full 5):
 PSYoungGen      total 407040K, used 339721K [0x00000000e0000000, 0x00000000fee80000, 0x0000000100000000)
  eden space 325632K, 100% used [0x00000000e0000000,0x00000000f3e00000,0x00000000f3e00000)
  from space 81408K, 17% used [0x00000000f3e00000,0x00000000f4bc2568,0x00000000f8d80000)
  to   space 78848K, 0% used [0x00000000fa180000,0x00000000fa180000,0x00000000fee80000)
 ParOldGen       total 148992K, used 46313K [0x00000000a0000000, 0x00000000a9180000, 0x00000000e0000000)
  object space 148992K, 31% used [0x00000000a0000000,0x00000000a2d3a7a0,0x00000000a9180000)
 Metaspace       used 87787K, capacity 91930K, committed 92032K, reserved 1130496K
  class space    used 10871K, capacity 11620K, committed 11648K, reserved 1048576K
Event: 3522.537 GC heap after
Heap after GC invocations=37 (full 5):
 PSYoungGen      total 415232K, used 35556K [0x00000000e0000000, 0x00000000fe680000, 0x0000000100000000)
  eden space 344576K, 0% used [0x00000000e0000000,0x00000000e0000000,0x00000000f5080000)
  from space 70656K, 50% used [0x00000000fa180000,0x00000000fc4392b0,0x00000000fe680000)
  to   space 76800K, 0% used [0x00000000f5080000,0x00000000f5080000,0x00000000f9b80000)
 ParOldGen       total 148992K, used 46313K [0x00000000a0000000, 0x00000000a9180000, 0x00000000e0000000)
  object space 148992K, 31% used [0x00000000a0000000,0x00000000a2d3a7a0,0x00000000a9180000)
 Metaspace       used 87787K, capacity 91930K, committed 92032K, reserved 1130496K
  class space    used 10871K, capacity 11620K, committed 11648K, reserved 1048576K
}
Event: 3731.827 GC heap before
{Heap before GC invocations=38 (full 5):
 PSYoungGen      total 415232K, used 380132K [0x00000000e0000000, 0x00000000fe680000, 0x0000000100000000)
  eden space 344576K, 100% used [0x00000000e0000000,0x00000000f5080000,0x00000000f5080000)
  from space 70656K, 50% used [0x00000000fa180000,0x00000000fc4392b0,0x00000000fe680000)
  to   space 76800K, 0% used [0x00000000f5080000,0x00000000f5080000,0x00000000f9b80000)
 ParOldGen       total 148992K, used 46313K [0x00000000a0000000, 0x00000000a9180000, 0x00000000e0000000)
  object space 148992K, 31% used [0x00000000a0000000,0x00000000a2d3a7a0,0x00000000a9180000)
 Metaspace       used 88546K, capacity 92690K, committed 92928K, reserved 1130496K
  class space    used 10945K, capacity 11698K, committed 11776K, reserved 1048576K
Event: 3732.579 GC heap after
Heap after GC invocations=38 (full 5):
 PSYoungGen      total 421376K, used 66106K [0x00000000e0000000, 0x0000000100000000, 0x0000000100000000)
  eden space 344576K, 0% used [0x00000000e0000000,0x00000000e0000000,0x00000000f5080000)
  from space 76800K, 86% used [0x00000000f5080000,0x00000000f910ea00,0x00000000f9b80000)
  to   space 86016K, 0% used [0x00000000fac00000,0x00000000fac00000,0x0000000100000000)
 ParOldGen       total 148992K, used 46321K [0x00000000a0000000, 0x00000000a9180000, 0x00000000e0000000)
  object space 148992K, 31% used [0x00000000a0000000,0x00000000a2d3c7a0,0x00000000a9180000)
 Metaspace       used 88546K, capacity 92690K, committed 92928K, reserved 1130496K
  class space    used 10945K, capacity 11698K, committed 11776K, reserved 1048576K
}
Event: 3929.702 GC heap before
{Heap before GC invocations=39 (full 5):
 PSYoungGen      total 421376K, used 410682K [0x00000000e0000000, 0x0000000100000000, 0x0000000100000000)
  eden space 344576K, 100% used [0x00000000e0000000,0x00000000f5080000,0x00000000f5080000)
  from space 76800K, 86% used [0x00000000f5080000,0x00000000f910ea00,0x00000000f9b80000)
  to   space 86016K, 0% used [0x00000000fac00000,0x00000000fac00000,0x0000000100000000)
 ParOldGen       total 148992K, used 46321K [0x00000000a0000000, 0x00000000a9180000, 0x00000000e0000000)
  object space 148992K, 31% used [0x00000000a0000000,0x00000000a2d3c7a0,0x00000000a9180000)
 Metaspace       used 88886K, capacity 93262K, committed 93440K, reserved 1130496K
  class space    used 10967K, capacity 11736K, committed 11776K, reserved 1048576K
Event: 3930.291 GC heap after
Heap after GC invocations=39 (full 5):
 PSYoungGen      total 439808K, used 9841K [0x00000000e0000000, 0x0000000100000000, 0x0000000100000000)
  eden space 353792K, 0% used [0x00000000e0000000,0x00000000e0000000,0x00000000f5980000)
  from space 86016K, 11% used [0x00000000fac00000,0x00000000fb59c7e8,0x0000000100000000)
  to   space 84480K, 0% used [0x00000000f5980000,0x00000000f5980000,0x00000000fac00000)
 ParOldGen       total 148992K, used 46329K [0x00000000a0000000, 0x00000000a9180000, 0x00000000e0000000)
  object space 148992K, 31% used [0x00000000a0000000,0x00000000a2d3e7a0,0x00000000a9180000)
 Metaspace       used 88886K, capacity 93262K, committed 93440K, reserved 1130496K
  class space    used 10967K, capacity 11736K, committed 11776K, reserved 1048576K
}
Event: 3963.763 GC heap before
{Heap before GC invocations=40 (full 5):
 PSYoungGen      total 439808K, used 362669K [0x00000000e0000000, 0x0000000100000000, 0x0000000100000000)
  eden space 353792K, 99% used [0x00000000e0000000,0x00000000f588ec78,0x00000000f5980000)
  from space 86016K, 11% used [0x00000000fac00000,0x00000000fb59c7e8,0x0000000100000000)
  to   space 84480K, 0% used [0x00000000f5980000,0x00000000f5980000,0x00000000fac00000)
 ParOldGen       total 148992K, used 46329K [0x00000000a0000000, 0x00000000a9180000, 0x00000000e0000000)
  object space 148992K, 31% used [0x00000000a0000000,0x00000000a2d3e7a0,0x00000000a9180000)
 Metaspace       used 88911K, capacity 93262K, committed 93440K, reserved 1130496K
  class space    used 10967K, capacity 11736K, committed 11776K, reserved 1048576K
Event: 3964.035 GC heap after
Heap after GC invocations=40 (full 5):
 PSYoungGen      total 364032K, used 9847K [0x00000000e0000000, 0x00000000ffa80000, 0x0000000100000000)
  eden space 353792K, 0% used [0x00000000e0000000,0x00000000e0000000,0x00000000f5980000)
  from space 10240K, 96% used [0x00000000f5980000,0x00000000f631dee8,0x00000000f6380000)
  to   space 82432K, 0% used [0x00000000faa00000,0x00000000faa00000,0x00000000ffa80000)
 ParOldGen       total 148992K, used 46337K [0x00000000a0000000, 0x00000000a9180000, 0x00000000e0000000)
  object space 148992K, 31% used [0x00000000a0000000,0x00000000a2d407a0,0x00000000a9180000)
 Metaspace       used 88911K, capacity 93262K, committed 93440K, reserved 1130496K
  class space    used 10967K, capacity 11736K, committed 11776K, reserved 1048576K
}
Event: 4305.672 GC heap before
{Heap before GC invocations=41 (full 5):
 PSYoungGen      total 364032K, used 363639K [0x00000000e0000000, 0x00000000ffa80000, 0x0000000100000000)
  eden space 353792K, 100% used [0x00000000e0000000,0x00000000f5980000,0x00000000f5980000)
  from space 10240K, 96% used [0x00000000f5980000,0x00000000f631dee8,0x00000000f6380000)
  to   space 82432K, 0% used [0x00000000faa00000,0x00000000faa00000,0x00000000ffa80000)
 ParOldGen       total 148992K, used 46337K [0x00000000a0000000, 0x00000000a9180000, 0x00000000e0000000)
  object space 148992K, 31% used [0x00000000a0000000,0x00000000a2d407a0,0x00000000a9180000)
 Metaspace       used 89749K, capacity 94182K, committed 94336K, reserved 1132544K
  class space    used 11035K, capacity 11810K, committed 11904K, reserved 1048576K
Event: 4306.128 GC heap after
Heap after GC invocations=41 (full 5):
 PSYoungGen      total 435712K, used 44294K [0x00000000e0000000, 0x0000000100000000, 0x0000000100000000)
  eden space 353280K, 0% used [0x00000000e0000000,0x00000000e0000000,0x00000000f5900000)
  from space 82432K, 53% used [0x00000000faa00000,0x00000000fd541838,0x00000000ffa80000)
  to   space 82944K, 0% used [0x00000000f5900000,0x00000000f5900000,0x00000000faa00000)
 ParOldGen       total 148992K, used 46337K [0x00000000a0000000, 0x00000000a9180000, 0x00000000e0000000)
  object space 148992K, 31% used [0x00000000a0000000,0x00000000a2d407a0,0x00000000a9180000)
 Metaspace       used 89749K, capacity 94182K, committed 94336K, reserved 1132544K
  class space    used 11035K, capacity 11810K, committed 11904K, reserved 1048576K
}

