# JRE version: OpenJDK Runtime Environment (8.0_152-b06) (build 1.8.0_152-release-1136-b06)
# Java VM: OpenJDK 64-Bit Server VM (25.152-b06 mixed mode windows-amd64 compressed oops)
Heap:
 PSYoungGen      total 197120K, used 39597K [0x00000000e0000000, 0x00000000f1780000, 0x0000000100000000)
  eden space 181760K, 15% used [0x00000000e0000000,0x00000000e1b076c0,0x00000000eb180000)
  from space 15360K, 77% used [0x00000000ed400000,0x00000000edfa3db0,0x00000000ee300000)
  to   space 35328K, 0% used [0x00000000eb180000,0x00000000eb180000,0x00000000ed400000)
 ParOldGen       total 127488K, used 47702K [0x00000000a0000000, 0x00000000a7c80000, 0x00000000e0000000)
  object space 127488K, 37% used [0x00000000a0000000,0x00000000a2e95a50,0x00000000a7c80000)
 Metaspace       used 73726K, capacity 76398K, committed 76672K, reserved 1116160K
  class space    used 9638K, capacity 10240K, committed 10368K, reserved 1048576K
GC Heap History (10 events):
Event: 75.962 GC heap before
{Heap before GC invocations=18 (full 3):
 PSYoungGen      total 167424K, used 2528K [0x00000000e0000000, 0x00000000ee300000, 0x0000000100000000)
  eden space 152064K, 0% used [0x00000000e0000000,0x00000000e0000000,0x00000000e9480000)
  from space 15360K, 16% used [0x00000000e9480000,0x00000000e96f8000,0x00000000ea380000)
  to   space 15360K, 0% used [0x00000000ed400000,0x00000000ed400000,0x00000000ee300000)
 ParOldGen       total 52224K, used 38632K [0x00000000a0000000, 0x00000000a3300000, 0x00000000e0000000)
  object space 52224K, 73% used [0x00000000a0000000,0x00000000a25ba300,0x00000000a3300000)
 Metaspace       used 57166K, capacity 58878K, committed 59008K, reserved 1099776K
  class space    used 7778K, capacity 8240K, committed 8320K, reserved 1048576K
Event: 77.089 GC heap after
Heap after GC invocations=18 (full 3):
 PSYoungGen      total 167424K, used 0K [0x00000000e0000000, 0x00000000ee300000, 0x0000000100000000)
  eden space 152064K, 0% used [0x00000000e0000000,0x00000000e0000000,0x00000000e9480000)
  from space 15360K, 0% used [0x00000000e9480000,0x00000000e9480000,0x00000000ea380000)
  to   space 15360K, 0% used [0x00000000ed400000,0x00000000ed400000,0x00000000ee300000)
 ParOldGen       total 87040K, used 34420K [0x00000000a0000000, 0x00000000a5500000, 0x00000000e0000000)
  object space 87040K, 39% used [0x00000000a0000000,0x00000000a219d340,0x00000000a5500000)
 Metaspace       used 57166K, capacity 58878K, committed 59008K, reserved 1099776K
  class space    used 7778K, capacity 8240K, committed 8320K, reserved 1048576K
}
Event: 105.213 GC heap before
{Heap before GC invocations=19 (full 3):
 PSYoungGen      total 167424K, used 152064K [0x00000000e0000000, 0x00000000ee300000, 0x0000000100000000)
  eden space 152064K, 100% used [0x00000000e0000000,0x00000000e9480000,0x00000000e9480000)
  from space 15360K, 0% used [0x00000000e9480000,0x00000000e9480000,0x00000000ea380000)
  to   space 15360K, 0% used [0x00000000ed400000,0x00000000ed400000,0x00000000ee300000)
 ParOldGen       total 87040K, used 34420K [0x00000000a0000000, 0x00000000a5500000, 0x00000000e0000000)
  object space 87040K, 39% used [0x00000000a0000000,0x00000000a219d340,0x00000000a5500000)
 Metaspace       used 62284K, capacity 64118K, committed 64384K, reserved 1105920K
  class space    used 8331K, capacity 8794K, committed 8832K, reserved 1048576K
Event: 105.378 GC heap after
Heap after GC invocations=19 (full 3):
 PSYoungGen      total 201728K, used 15345K [0x00000000e0000000, 0x00000000ee900000, 0x0000000100000000)
  eden space 186368K, 0% used [0x00000000e0000000,0x00000000e0000000,0x00000000eb600000)
  from space 15360K, 99% used [0x00000000ed400000,0x00000000ee2fc510,0x00000000ee300000)
  to   space 26112K, 0% used [0x00000000eb600000,0x00000000eb600000,0x00000000ecf80000)
 ParOldGen       total 87040K, used 57398K [0x00000000a0000000, 0x00000000a5500000, 0x00000000e0000000)
  object space 87040K, 65% used [0x00000000a0000000,0x00000000a380d850,0x00000000a5500000)
 Metaspace       used 62284K, capacity 64118K, committed 64384K, reserved 1105920K
  class space    used 8331K, capacity 8794K, committed 8832K, reserved 1048576K
}
Event: 189.816 GC heap before
{Heap before GC invocations=20 (full 3):
 PSYoungGen      total 201728K, used 201713K [0x00000000e0000000, 0x00000000ee900000, 0x0000000100000000)
  eden space 186368K, 100% used [0x00000000e0000000,0x00000000eb600000,0x00000000eb600000)
  from space 15360K, 99% used [0x00000000ed400000,0x00000000ee2fc510,0x00000000ee300000)
  to   space 26112K, 0% used [0x00000000eb600000,0x00000000eb600000,0x00000000ecf80000)
 ParOldGen       total 87040K, used 57398K [0x00000000a0000000, 0x00000000a5500000, 0x00000000e0000000)
  object space 87040K, 65% used [0x00000000a0000000,0x00000000a380d850,0x00000000a5500000)
 Metaspace       used 66071K, capacity 68168K, committed 68480K, reserved 1107968K
  class space    used 8723K, capacity 9238K, committed 9344K, reserved 1048576K
Event: 190.905 GC heap after
Heap after GC invocations=20 (full 3):
 PSYoungGen      total 212480K, used 26097K [0x00000000e0000000, 0x00000000ee900000, 0x0000000100000000)
  eden space 186368K, 0% used [0x00000000e0000000,0x00000000e0000000,0x00000000eb600000)
  from space 26112K, 99% used [0x00000000eb600000,0x00000000ecf7c448,0x00000000ecf80000)
  to   space 15360K, 0% used [0x00000000ed400000,0x00000000ed400000,0x00000000ee300000)
 ParOldGen       total 87040K, used 76857K [0x00000000a0000000, 0x00000000a5500000, 0x00000000e0000000)
  object space 87040K, 88% used [0x00000000a0000000,0x00000000a4b0e730,0x00000000a5500000)
 Metaspace       used 66071K, capacity 68168K, committed 68480K, reserved 1107968K
  class space    used 8723K, capacity 9238K, committed 9344K, reserved 1048576K
}
Event: 190.905 GC heap before
{Heap before GC invocations=21 (full 4):
 PSYoungGen      total 212480K, used 26097K [0x00000000e0000000, 0x00000000ee900000, 0x0000000100000000)
  eden space 186368K, 0% used [0x00000000e0000000,0x00000000e0000000,0x00000000eb600000)
  from space 26112K, 99% used [0x00000000eb600000,0x00000000ecf7c448,0x00000000ecf80000)
  to   space 15360K, 0% used [0x00000000ed400000,0x00000000ed400000,0x00000000ee300000)
 ParOldGen       total 87040K, used 76857K [0x00000000a0000000, 0x00000000a5500000, 0x00000000e0000000)
  object space 87040K, 88% used [0x00000000a0000000,0x00000000a4b0e730,0x00000000a5500000)
 Metaspace       used 66071K, capacity 68168K, committed 68480K, reserved 1107968K
  class space    used 8723K, capacity 9238K, committed 9344K, reserved 1048576K
Event: 192.188 GC heap after
Heap after GC invocations=21 (full 4):
 PSYoungGen      total 212480K, used 0K [0x00000000e0000000, 0x00000000ee900000, 0x0000000100000000)
  eden space 186368K, 0% used [0x00000000e0000000,0x00000000e0000000,0x00000000eb600000)
  from space 26112K, 0% used [0x00000000eb600000,0x00000000eb600000,0x00000000ecf80000)
  to   space 15360K, 0% used [0x00000000ed400000,0x00000000ed400000,0x00000000ee300000)
 ParOldGen       total 127488K, used 47694K [0x00000000a0000000, 0x00000000a7c80000, 0x00000000e0000000)
  object space 127488K, 37% used [0x00000000a0000000,0x00000000a2e93a50,0x00000000a7c80000)
 Metaspace       used 65388K, capacity 67376K, committed 68480K, reserved 1107968K
  class space    used 8647K, capacity 9151K, committed 9344K, reserved 1048576K
}
Event: 208.792 GC heap before
{Heap before GC invocations=22 (full 4):
 PSYoungGen      total 212480K, used 186368K [0x00000000e0000000, 0x00000000ee900000, 0x0000000100000000)
  eden space 186368K, 100% used [0x00000000e0000000,0x00000000eb600000,0x00000000eb600000)
  from space 26112K, 0% used [0x00000000eb600000,0x00000000eb600000,0x00000000ecf80000)
  to   space 15360K, 0% used [0x00000000ed400000,0x00000000ed400000,0x00000000ee300000)
 ParOldGen       total 127488K, used 47694K [0x00000000a0000000, 0x00000000a7c80000, 0x00000000e0000000)
  object space 127488K, 37% used [0x00000000a0000000,0x00000000a2e93a50,0x00000000a7c80000)
 Metaspace       used 73621K, capacity 76298K, committed 76544K, reserved 1116160K
  class space    used 9624K, capacity 10208K, committed 10240K, reserved 1048576K
Event: 208.897 GC heap after
Heap after GC invocations=22 (full 4):
 PSYoungGen      total 197120K, used 11919K [0x00000000e0000000, 0x00000000f1780000, 0x0000000100000000)
  eden space 181760K, 0% used [0x00000000e0000000,0x00000000e0000000,0x00000000eb180000)
  from space 15360K, 77% used [0x00000000ed400000,0x00000000edfa3db0,0x00000000ee300000)
  to   space 35328K, 0% used [0x00000000eb180000,0x00000000eb180000,0x00000000ed400000)
 ParOldGen       total 127488K, used 47702K [0x00000000a0000000, 0x00000000a7c80000, 0x00000000e0000000)
  object space 127488K, 37% used [0x00000000a0000000,0x00000000a2e95a50,0x00000000a7c80000)
 Metaspace       used 73621K, capacity 76298K, committed 76544K, reserved 1116160K
  class space    used 9624K, capacity 10208K, committed 10240K, reserved 1048576K
}

